# JRE version: Java(TM) SE Runtime Environment (8.0_25-b18) (build 1.8.0_25-b18)
# Java VM: Java HotSpot(TM) 64-Bit Server VM (25.25-b02 mixed mode windows-amd64 compressed oops)
Heap:
 PSYoungGen      total 57344K, used 35585K [0x00000000f5580000, 0x00000000f8e80000, 0x0000000100000000)
  eden space 56320K, 63% used [0x00000000f5580000,0x00000000f7840598,0x00000000f8c80000)
  from space 1024K, 0% used [0x00000000f8d80000,0x00000000f8d80000,0x00000000f8e80000)
  to   space 1024K, 0% used [0x00000000f8c80000,0x00000000f8c80000,0x00000000f8d80000)
 ParOldGen       total 98304K, used 35118K [0x00000000e0000000, 0x00000000e6000000, 0x00000000f5580000)
  object space 98304K, 35% used [0x00000000e0000000,0x00000000e224bb58,0x00000000e6000000)
 Metaspace       used 72204K, capacity 77486K, committed 77784K, reserved 1116160K
  class space    used 8687K, capacity 10386K, committed 10456K, reserved 1048576K
GC Heap History (10 events):
Event: 6363.934 GC heap before
{Heap before GC invocations=233 (full 109):
 PSYoungGen      total 57344K, used 576K [0x00000000f5580000, 0x00000000f8e80000, 0x0000000100000000)
  eden space 56320K, 0% used [0x00000000f5580000,0x00000000f5580000,0x00000000f8c80000)
  from space 1024K, 56% used [0x00000000f8d80000,0x00000000f8e10000,0x00000000f8e80000)
  to   space 1024K, 0% used [0x00000000f8c80000,0x00000000f8c80000,0x00000000f8d80000)
 ParOldGen       total 98304K, used 35119K [0x00000000e0000000, 0x00000000e6000000, 0x00000000f5580000)
  object space 98304K, 35% used [0x00000000e0000000,0x00000000e224bc78,0x00000000e6000000)
 Metaspace       used 70986K, capacity 76284K, committed 76632K, reserved 1116160K
  class space    used 8537K, capacity 10222K, committed 10328K, reserved 1048576K
Event: 6364.014 GC heap after
Heap after GC invocations=233 (full 109):
 PSYoungGen      total 57344K, used 0K [0x00000000f5580000, 0x00000000f8e80000, 0x0000000100000000)
  eden space 56320K, 0% used [0x00000000f5580000,0x00000000f5580000,0x00000000f8c80000)
  from space 1024K, 0% used [0x00000000f8d80000,0x00000000f8d80000,0x00000000f8e80000)
  to   space 1024K, 0% used [0x00000000f8c80000,0x00000000f8c80000,0x00000000f8d80000)
 ParOldGen       total 98304K, used 35242K [0x00000000e0000000, 0x00000000e6000000, 0x00000000f5580000)
  object space 98304K, 35% used [0x00000000e0000000,0x00000000e226aa30,0x00000000e6000000)
 Metaspace       used 70986K, capacity 76284K, committed 76632K, reserved 1116160K
  class space    used 8537K, capacity 10222K, committed 10328K, reserved 1048576K
}
Event: 6423.932 GC heap before
{Heap before GC invocations=234 (full 109):
 PSYoungGen      total 57344K, used 2753K [0x00000000f5580000, 0x00000000f8e80000, 0x0000000100000000)
  eden space 56320K, 4% used [0x00000000f5580000,0x00000000f5830438,0x00000000f8c80000)
  from space 1024K, 0% used [0x00000000f8d80000,0x00000000f8d80000,0x00000000f8e80000)
  to   space 1024K, 0% used [0x00000000f8c80000,0x00000000f8c80000,0x00000000f8d80000)
 ParOldGen       total 98304K, used 35242K [0x00000000e0000000, 0x00000000e6000000, 0x00000000f5580000)
  object space 98304K, 35% used [0x00000000e0000000,0x00000000e226aa30,0x00000000e6000000)
 Metaspace       used 70986K, capacity 76284K, committed 76632K, reserved 1116160K
  class space    used 8537K, capacity 10222K, committed 10328K, reserved 1048576K
Event: 6423.934 GC heap after
Heap after GC invocations=234 (full 109):
 PSYoungGen      total 57344K, used 192K [0x00000000f5580000, 0x00000000f8e80000, 0x0000000100000000)
  eden space 56320K, 0% used [0x00000000f5580000,0x00000000f5580000,0x00000000f8c80000)
  from space 1024K, 18% used [0x00000000f8c80000,0x00000000f8cb0000,0x00000000f8d80000)
  to   space 1024K, 0% used [0x00000000f8d80000,0x00000000f8d80000,0x00000000f8e80000)
 ParOldGen       total 98304K, used 35242K [0x00000000e0000000, 0x00000000e6000000, 0x00000000f5580000)
  object space 98304K, 35% used [0x00000000e0000000,0x00000000e226aa30,0x00000000e6000000)
 Metaspace       used 70986K, capacity 76284K, committed 76632K, reserved 1116160K
  class space    used 8537K, capacity 10222K, committed 10328K, reserved 1048576K
}
Event: 6423.934 GC heap before
{Heap before GC invocations=235 (full 110):
 PSYoungGen      total 57344K, used 192K [0x00000000f5580000, 0x00000000f8e80000, 0x0000000100000000)
  eden space 56320K, 0% used [0x00000000f5580000,0x00000000f5580000,0x00000000f8c80000)
  from space 1024K, 18% used [0x00000000f8c80000,0x00000000f8cb0000,0x00000000f8d80000)
  to   space 1024K, 0% used [0x00000000f8d80000,0x00000000f8d80000,0x00000000f8e80000)
 ParOldGen       total 98304K, used 35242K [0x00000000e0000000, 0x00000000e6000000, 0x00000000f5580000)
  object space 98304K, 35% used [0x00000000e0000000,0x00000000e226aa30,0x00000000e6000000)
 Metaspace       used 70986K, capacity 76284K, committed 76632K, reserved 1116160K
  class space    used 8537K, capacity 10222K, committed 10328K, reserved 1048576K
Event: 6424.011 GC heap after
Heap after GC invocations=235 (full 110):
 PSYoungGen      total 57344K, used 0K [0x00000000f5580000, 0x00000000f8e80000, 0x0000000100000000)
  eden space 56320K, 0% used [0x00000000f5580000,0x00000000f5580000,0x00000000f8c80000)
  from space 1024K, 0% used [0x00000000f8c80000,0x00000000f8c80000,0x00000000f8d80000)
  to   space 1024K, 0% used [0x00000000f8d80000,0x00000000f8d80000,0x00000000f8e80000)
 ParOldGen       total 98304K, used 35118K [0x00000000e0000000, 0x00000000e6000000, 0x00000000f5580000)
  object space 98304K, 35% used [0x00000000e0000000,0x00000000e224b938,0x00000000e6000000)
 Metaspace       used 70986K, capacity 76284K, committed 76632K, reserved 1116160K
  class space    used 8537K, capacity 10222K, committed 10328K, reserved 1048576K
}
Event: 6483.946 GC heap before
{Heap before GC invocations=236 (full 110):
 PSYoungGen      total 57344K, used 2830K [0x00000000f5580000, 0x00000000f8e80000, 0x0000000100000000)
  eden space 56320K, 5% used [0x00000000f5580000,0x00000000f58439b8,0x00000000f8c80000)
  from space 1024K, 0% used [0x00000000f8c80000,0x00000000f8c80000,0x00000000f8d80000)
  to   space 1024K, 0% used [0x00000000f8d80000,0x00000000f8d80000,0x00000000f8e80000)
 ParOldGen       total 98304K, used 35118K [0x00000000e0000000, 0x00000000e6000000, 0x00000000f5580000)
  object space 98304K, 35% used [0x00000000e0000000,0x00000000e224b938,0x00000000e6000000)
 Metaspace       used 70986K, capacity 76284K, committed 76632K, reserved 1116160K
  class space    used 8537K, capacity 10222K, committed 10328K, reserved 1048576K
Event: 6483.948 GC heap after
Heap after GC invocations=236 (full 110):
 PSYoungGen      total 57344K, used 256K [0x00000000f5580000, 0x00000000f8e80000, 0x0000000100000000)
  eden space 56320K, 0% used [0x00000000f5580000,0x00000000f5580000,0x00000000f8c80000)
  from space 1024K, 25% used [0x00000000f8d80000,0x00000000f8dc0000,0x00000000f8e80000)
  to   space 1024K, 0% used [0x00000000f8c80000,0x00000000f8c80000,0x00000000f8d80000)
 ParOldGen       total 98304K, used 35118K [0x00000000e0000000, 0x00000000e6000000, 0x00000000f5580000)
  object space 98304K, 35% used [0x00000000e0000000,0x00000000e224b938,0x00000000e6000000)
 Metaspace       used 70986K, capacity 76284K, committed 76632K, reserved 1116160K
  class space    used 8537K, capacity 10222K, committed 10328K, reserved 1048576K
}
Event: 6483.948 GC heap before
{Heap before GC invocations=237 (full 111):
 PSYoungGen      total 57344K, used 256K [0x00000000f5580000, 0x00000000f8e80000, 0x0000000100000000)
  eden space 56320K, 0% used [0x00000000f5580000,0x00000000f5580000,0x00000000f8c80000)
  from space 1024K, 25% used [0x00000000f8d80000,0x00000000f8dc0000,0x00000000f8e80000)
  to   space 1024K, 0% used [0x00000000f8c80000,0x00000000f8c80000,0x00000000f8d80000)
 ParOldGen       total 98304K, used 35118K [0x00000000e0000000, 0x00000000e6000000, 0x00000000f5580000)
  object space 98304K, 35% used [0x00000000e0000000,0x00000000e224b938,0x00000000e6000000)
 Metaspace       used 70986K, capacity 76284K, committed 76632K, reserved 1116160K
  class space    used 8537K, capacity 10222K, committed 10328K, reserved 1048576K
Event: 6484.027 GC heap after
Heap after GC invocations=237 (full 111):
 PSYoungGen      total 57344K, used 0K [0x00000000f5580000, 0x00000000f8e80000, 0x0000000100000000)
  eden space 56320K, 0% used [0x00000000f5580000,0x00000000f5580000,0x00000000f8c80000)
  from space 1024K, 0% used [0x00000000f8d80000,0x00000000f8d80000,0x00000000f8e80000)
  to   space 1024K, 0% used [0x00000000f8c80000,0x00000000f8c80000,0x00000000f8d80000)
 ParOldGen       total 98304K, used 35118K [0x00000000e0000000, 0x00000000e6000000, 0x00000000f5580000)
  object space 98304K, 35% used [0x00000000e0000000,0x00000000e224bb58,0x00000000e6000000)
 Metaspace       used 70986K, capacity 76284K, committed 76632K, reserved 1116160K
  class space    used 8537K, capacity 10222K, committed 10328K, reserved 1048576K
}

