# JRE version: Java(TM) SE Runtime Environment (8.0_25-b18) (build 1.8.0_25-b18)
# Java VM: Java HotSpot(TM) 64-Bit Server VM (25.25-b02 mixed mode windows-amd64 compressed oops)
Heap:
 PSYoungGen      total 74752K, used 45840K [0x00000000f5580000, 0x00000000fba00000, 0x0000000100000000)
  eden space 53248K, 54% used [0x00000000f5580000,0x00000000f71d58a8,0x00000000f8980000)
  from space 21504K, 78% used [0x00000000f8980000,0x00000000f99eea30,0x00000000f9e80000)
  to   space 23040K, 0% used [0x00000000fa380000,0x00000000fa380000,0x00000000fba00000)
 ParOldGen       total 98304K, used 33665K [0x00000000e0000000, 0x00000000e6000000, 0x00000000f5580000)
  object space 98304K, 34% used [0x00000000e0000000,0x00000000e20e07d0,0x00000000e6000000)
 Metaspace       used 73597K, capacity 79196K, committed 79320K, reserved 1118208K
  class space    used 9158K, capacity 10902K, committed 10968K, reserved 1048576K
GC Heap History (10 events):
Event: 7.409 GC heap before
{Heap before GC invocations=14 (full 3):
 PSYoungGen      total 60928K, used 15873K [0x00000000f5580000, 0x00000000fad00000, 0x0000000100000000)
  eden space 44544K, 0% used [0x00000000f5580000,0x00000000f5580000,0x00000000f8100000)
  from space 16384K, 96% used [0x00000000f8100000,0x00000000f9080500,0x00000000f9100000)
  to   space 17920K, 0% used [0x00000000f9b80000,0x00000000f9b80000,0x00000000fad00000)
 ParOldGen       total 65024K, used 20047K [0x00000000e0000000, 0x00000000e3f80000, 0x00000000f5580000)
  object space 65024K, 30% used [0x00000000e0000000,0x00000000e1393cf0,0x00000000e3f80000)
 Metaspace       used 54944K, capacity 58932K, committed 59028K, reserved 1099776K
  class space    used 6796K, capacity 8101K, committed 8152K, reserved 1048576K
Event: 7.662 GC heap after
Heap after GC invocations=14 (full 3):
 PSYoungGen      total 60928K, used 0K [0x00000000f5580000, 0x00000000fad00000, 0x0000000100000000)
  eden space 44544K, 0% used [0x00000000f5580000,0x00000000f5580000,0x00000000f8100000)
  from space 16384K, 0% used [0x00000000f8100000,0x00000000f8100000,0x00000000f9100000)
  to   space 17920K, 0% used [0x00000000f9b80000,0x00000000f9b80000,0x00000000fad00000)
 ParOldGen       total 98304K, used 32783K [0x00000000e0000000, 0x00000000e6000000, 0x00000000f5580000)
  object space 98304K, 33% used [0x00000000e0000000,0x00000000e2003e78,0x00000000e6000000)
 Metaspace       used 54944K, capacity 58932K, committed 59028K, reserved 1099776K
  class space    used 6796K, capacity 8101K, committed 8152K, reserved 1048576K
}
Event: 8.104 GC heap before
{Heap before GC invocations=15 (full 3):
 PSYoungGen      total 60928K, used 44544K [0x00000000f5580000, 0x00000000fad00000, 0x0000000100000000)
  eden space 44544K, 100% used [0x00000000f5580000,0x00000000f8100000,0x00000000f8100000)
  from space 16384K, 0% used [0x00000000f8100000,0x00000000f8100000,0x00000000f9100000)
  to   space 17920K, 0% used [0x00000000f9b80000,0x00000000f9b80000,0x00000000fad00000)
 ParOldGen       total 98304K, used 32783K [0x00000000e0000000, 0x00000000e6000000, 0x00000000f5580000)
  object space 98304K, 33% used [0x00000000e0000000,0x00000000e2003e78,0x00000000e6000000)
 Metaspace       used 57903K, capacity 62206K, committed 62424K, reserved 1103872K
  class space    used 7217K, capacity 8598K, committed 8664K, reserved 1048576K
Event: 8.110 GC heap after
Heap after GC invocations=15 (full 3):
 PSYoungGen      total 64512K, used 7122K [0x00000000f5580000, 0x00000000fa980000, 0x0000000100000000)
  eden space 50176K, 0% used [0x00000000f5580000,0x00000000f5580000,0x00000000f8680000)
  from space 14336K, 49% used [0x00000000f9b80000,0x00000000fa274880,0x00000000fa980000)
  to   space 17920K, 0% used [0x00000000f8680000,0x00000000f8680000,0x00000000f9800000)
 ParOldGen       total 98304K, used 32791K [0x00000000e0000000, 0x00000000e6000000, 0x00000000f5580000)
  object space 98304K, 33% used [0x00000000e0000000,0x00000000e2005e78,0x00000000e6000000)
 Metaspace       used 57903K, capacity 62206K, committed 62424K, reserved 1103872K
  class space    used 7217K, capacity 8598K, committed 8664K, reserved 1048576K
}
Event: 9.912 GC heap before
{Heap before GC invocations=16 (full 3):
 PSYoungGen      total 64512K, used 57298K [0x00000000f5580000, 0x00000000fa980000, 0x0000000100000000)
  eden space 50176K, 100% used [0x00000000f5580000,0x00000000f8680000,0x00000000f8680000)
  from space 14336K, 49% used [0x00000000f9b80000,0x00000000fa274880,0x00000000fa980000)
  to   space 17920K, 0% used [0x00000000f8680000,0x00000000f8680000,0x00000000f9800000)
 ParOldGen       total 98304K, used 32791K [0x00000000e0000000, 0x00000000e6000000, 0x00000000f5580000)
  object space 98304K, 33% used [0x00000000e0000000,0x00000000e2005e78,0x00000000e6000000)
 Metaspace       used 62616K, capacity 67506K, committed 67672K, reserved 1107968K
  class space    used 7799K, capacity 9273K, committed 9304K, reserved 1048576K
Event: 9.919 GC heap after
Heap after GC invocations=16 (full 3):
 PSYoungGen      total 68096K, used 14421K [0x00000000f5580000, 0x00000000fb100000, 0x0000000100000000)
  eden space 50176K, 0% used [0x00000000f5580000,0x00000000f5580000,0x00000000f8680000)
  from space 17920K, 80% used [0x00000000f8680000,0x00000000f94957c8,0x00000000f9800000)
  to   space 18944K, 0% used [0x00000000f9e80000,0x00000000f9e80000,0x00000000fb100000)
 ParOldGen       total 98304K, used 32799K [0x00000000e0000000, 0x00000000e6000000, 0x00000000f5580000)
  object space 98304K, 33% used [0x00000000e0000000,0x00000000e2007e78,0x00000000e6000000)
 Metaspace       used 62616K, capacity 67506K, committed 67672K, reserved 1107968K
  class space    used 7799K, capacity 9273K, committed 9304K, reserved 1048576K
}
Event: 45.499 GC heap before
{Heap before GC invocations=17 (full 3):
 PSYoungGen      total 68096K, used 64597K [0x00000000f5580000, 0x00000000fb100000, 0x0000000100000000)
  eden space 50176K, 100% used [0x00000000f5580000,0x00000000f8680000,0x00000000f8680000)
  from space 17920K, 80% used [0x00000000f8680000,0x00000000f94957c8,0x00000000f9800000)
  to   space 18944K, 0% used [0x00000000f9e80000,0x00000000f9e80000,0x00000000fb100000)
 ParOldGen       total 98304K, used 32799K [0x00000000e0000000, 0x00000000e6000000, 0x00000000f5580000)
  object space 98304K, 33% used [0x00000000e0000000,0x00000000e2007e78,0x00000000e6000000)
 Metaspace       used 69870K, capacity 75320K, committed 75480K, reserved 1114112K
  class space    used 8750K, capacity 10394K, committed 10456K, reserved 1048576K
Event: 45.509 GC heap after
Heap after GC invocations=17 (full 3):
 PSYoungGen      total 72192K, used 18935K [0x00000000f5580000, 0x00000000fb480000, 0x0000000100000000)
  eden space 53248K, 0% used [0x00000000f5580000,0x00000000f5580000,0x00000000f8980000)
  from space 18944K, 99% used [0x00000000f9e80000,0x00000000fb0fdc28,0x00000000fb100000)
  to   space 21504K, 0% used [0x00000000f8980000,0x00000000f8980000,0x00000000f9e80000)
 ParOldGen       total 98304K, used 33657K [0x00000000e0000000, 0x00000000e6000000, 0x00000000f5580000)
  object space 98304K, 34% used [0x00000000e0000000,0x00000000e20de7d0,0x00000000e6000000)
 Metaspace       used 69870K, capacity 75320K, committed 75480K, reserved 1114112K
  class space    used 8750K, capacity 10394K, committed 10456K, reserved 1048576K
}
Event: 90.168 GC heap before
{Heap before GC invocations=18 (full 3):
 PSYoungGen      total 72192K, used 72183K [0x00000000f5580000, 0x00000000fb480000, 0x0000000100000000)
  eden space 53248K, 100% used [0x00000000f5580000,0x00000000f8980000,0x00000000f8980000)
  from space 18944K, 99% used [0x00000000f9e80000,0x00000000fb0fdc28,0x00000000fb100000)
  to   space 21504K, 0% used [0x00000000f8980000,0x00000000f8980000,0x00000000f9e80000)
 ParOldGen       total 98304K, used 33657K [0x00000000e0000000, 0x00000000e6000000, 0x00000000f5580000)
  object space 98304K, 34% used [0x00000000e0000000,0x00000000e20de7d0,0x00000000e6000000)
 Metaspace       used 72247K, capacity 78072K, committed 78168K, reserved 1116160K
  class space    used 9016K, capacity 10802K, committed 10840K, reserved 1048576K
Event: 90.175 GC heap after
Heap after GC invocations=18 (full 3):
 PSYoungGen      total 74752K, used 16826K [0x00000000f5580000, 0x00000000fba00000, 0x0000000100000000)
  eden space 53248K, 0% used [0x00000000f5580000,0x00000000f5580000,0x00000000f8980000)
  from space 21504K, 78% used [0x00000000f8980000,0x00000000f99eea30,0x00000000f9e80000)
  to   space 23040K, 0% used [0x00000000fa380000,0x00000000fa380000,0x00000000fba00000)
 ParOldGen       total 98304K, used 33665K [0x00000000e0000000, 0x00000000e6000000, 0x00000000f5580000)
  object space 98304K, 34% used [0x00000000e0000000,0x00000000e20e07d0,0x00000000e6000000)
 Metaspace       used 72247K, capacity 78072K, committed 78168K, reserved 1116160K
  class space    used 9016K, capacity 10802K, committed 10840K, reserved 1048576K
}

