# JRE version: Java(TM) SE Runtime Environment (8.0_25-b18) (build 1.8.0_25-b18)
# Java VM: Java HotSpot(TM) 64-Bit Server VM (25.25-b02 mixed mode windows-amd64 compressed oops)
Heap:
 PSYoungGen      total 83968K, used 23473K [0x00000000f5580000, 0x00000000fc800000, 0x0000000100000000)
  eden space 65024K, 7% used [0x00000000f5580000,0x00000000f59f3500,0x00000000f9500000)
  from space 18944K, 99% used [0x00000000f9500000,0x00000000fa779268,0x00000000fa780000)
  to   space 22016K, 0% used [0x00000000fb280000,0x00000000fb280000,0x00000000fc800000)
 ParOldGen       total 103424K, used 31197K [0x00000000e0000000, 0x00000000e6500000, 0x00000000f5580000)
  object space 103424K, 30% used [0x00000000e0000000,0x00000000e1e77540,0x00000000e6500000)
 Metaspace       used 68076K, capacity 73220K, committed 73432K, reserved 1112064K
  class space    used 8490K, capacity 10197K, committed 10200K, reserved 1048576K
GC Heap History (10 events):
Event: 4.810 GC heap before
{Heap before GC invocations=10 (full 2):
 PSYoungGen      total 59904K, used 57715K [0x00000000f5580000, 0x00000000faf80000, 0x0000000100000000)
  eden space 45056K, 100% used [0x00000000f5580000,0x00000000f8180000,0x00000000f8180000)
  from space 14848K, 85% used [0x00000000f8180000,0x00000000f8ddcc28,0x00000000f9000000)
  to   space 16384K, 0% used [0x00000000f9f80000,0x00000000f9f80000,0x00000000faf80000)
 ParOldGen       total 77312K, used 24243K [0x00000000e0000000, 0x00000000e4b80000, 0x00000000f5580000)
  object space 77312K, 31% used [0x00000000e0000000,0x00000000e17accf8,0x00000000e4b80000)
 Metaspace       used 51971K, capacity 56136K, committed 56280K, reserved 1097728K
  class space    used 6329K, capacity 7637K, committed 7640K, reserved 1048576K
Event: 4.822 GC heap after
Heap after GC invocations=10 (full 2):
 PSYoungGen      total 72704K, used 16364K [0x00000000f5580000, 0x00000000fb500000, 0x0000000100000000)
  eden space 56320K, 0% used [0x00000000f5580000,0x00000000f5580000,0x00000000f8c80000)
  from space 16384K, 99% used [0x00000000f9f80000,0x00000000faf7b010,0x00000000faf80000)
  to   space 19456K, 0% used [0x00000000f8c80000,0x00000000f8c80000,0x00000000f9f80000)
 ParOldGen       total 77312K, used 25546K [0x00000000e0000000, 0x00000000e4b80000, 0x00000000f5580000)
  object space 77312K, 33% used [0x00000000e0000000,0x00000000e18f28f0,0x00000000e4b80000)
 Metaspace       used 51971K, capacity 56136K, committed 56280K, reserved 1097728K
  class space    used 6329K, capacity 7637K, committed 7640K, reserved 1048576K
}
Event: 5.502 GC heap before
{Heap before GC invocations=11 (full 2):
 PSYoungGen      total 72704K, used 33449K [0x00000000f5580000, 0x00000000fb500000, 0x0000000100000000)
  eden space 56320K, 30% used [0x00000000f5580000,0x00000000f662f588,0x00000000f8c80000)
  from space 16384K, 99% used [0x00000000f9f80000,0x00000000faf7b010,0x00000000faf80000)
  to   space 19456K, 0% used [0x00000000f8c80000,0x00000000f8c80000,0x00000000f9f80000)
 ParOldGen       total 77312K, used 25546K [0x00000000e0000000, 0x00000000e4b80000, 0x00000000f5580000)
  object space 77312K, 33% used [0x00000000e0000000,0x00000000e18f28f0,0x00000000e4b80000)
 Metaspace       used 54949K, capacity 58932K, committed 59028K, reserved 1099776K
  class space    used 6790K, capacity 8101K, committed 8152K, reserved 1048576K
Event: 5.508 GC heap after
Heap after GC invocations=11 (full 2):
 PSYoungGen      total 75776K, used 13469K [0x00000000f5580000, 0x00000000fbd00000, 0x0000000100000000)
  eden space 56320K, 0% used [0x00000000f5580000,0x00000000f5580000,0x00000000f8c80000)
  from space 19456K, 69% used [0x00000000f8c80000,0x00000000f99a74a8,0x00000000f9f80000)
  to   space 19968K, 0% used [0x00000000fa980000,0x00000000fa980000,0x00000000fbd00000)
 ParOldGen       total 77312K, used 25554K [0x00000000e0000000, 0x00000000e4b80000, 0x00000000f5580000)
  object space 77312K, 33% used [0x00000000e0000000,0x00000000e18f48f0,0x00000000e4b80000)
 Metaspace       used 54949K, capacity 58932K, committed 59028K, reserved 1099776K
  class space    used 6790K, capacity 8101K, committed 8152K, reserved 1048576K
}
Event: 5.508 GC heap before
{Heap before GC invocations=12 (full 3):
 PSYoungGen      total 75776K, used 13469K [0x00000000f5580000, 0x00000000fbd00000, 0x0000000100000000)
  eden space 56320K, 0% used [0x00000000f5580000,0x00000000f5580000,0x00000000f8c80000)
  from space 19456K, 69% used [0x00000000f8c80000,0x00000000f99a74a8,0x00000000f9f80000)
  to   space 19968K, 0% used [0x00000000fa980000,0x00000000fa980000,0x00000000fbd00000)
 ParOldGen       total 77312K, used 25554K [0x00000000e0000000, 0x00000000e4b80000, 0x00000000f5580000)
  object space 77312K, 33% used [0x00000000e0000000,0x00000000e18f48f0,0x00000000e4b80000)
 Metaspace       used 54949K, capacity 58932K, committed 59028K, reserved 1099776K
  class space    used 6790K, capacity 8101K, committed 8152K, reserved 1048576K
Event: 5.658 GC heap after
Heap after GC invocations=12 (full 3):
 PSYoungGen      total 75776K, used 0K [0x00000000f5580000, 0x00000000fbd00000, 0x0000000100000000)
  eden space 56320K, 0% used [0x00000000f5580000,0x00000000f5580000,0x00000000f8c80000)
  from space 19456K, 0% used [0x00000000f8c80000,0x00000000f8c80000,0x00000000f9f80000)
  to   space 19968K, 0% used [0x00000000fa980000,0x00000000fa980000,0x00000000fbd00000)
 ParOldGen       total 103424K, used 30394K [0x00000000e0000000, 0x00000000e6500000, 0x00000000f5580000)
  object space 103424K, 29% used [0x00000000e0000000,0x00000000e1daea70,0x00000000e6500000)
 Metaspace       used 54949K, capacity 58932K, committed 59028K, reserved 1099776K
  class space    used 6790K, capacity 8101K, committed 8152K, reserved 1048576K
}
Event: 6.027 GC heap before
{Heap before GC invocations=13 (full 3):
 PSYoungGen      total 75776K, used 56320K [0x00000000f5580000, 0x00000000fbd00000, 0x0000000100000000)
  eden space 56320K, 100% used [0x00000000f5580000,0x00000000f8c80000,0x00000000f8c80000)
  from space 19456K, 0% used [0x00000000f8c80000,0x00000000f8c80000,0x00000000f9f80000)
  to   space 19968K, 0% used [0x00000000fa980000,0x00000000fa980000,0x00000000fbd00000)
 ParOldGen       total 103424K, used 30394K [0x00000000e0000000, 0x00000000e6500000, 0x00000000f5580000)
  object space 103424K, 29% used [0x00000000e0000000,0x00000000e1daea70,0x00000000e6500000)
 Metaspace       used 58021K, capacity 62270K, committed 62424K, reserved 1103872K
  class space    used 7225K, capacity 8598K, committed 8664K, reserved 1048576K
Event: 6.035 GC heap after
Heap after GC invocations=13 (full 3):
 PSYoungGen      total 81920K, used 9217K [0x00000000f5580000, 0x00000000fba00000, 0x0000000100000000)
  eden space 65024K, 0% used [0x00000000f5580000,0x00000000f5580000,0x00000000f9500000)
  from space 16896K, 54% used [0x00000000fa980000,0x00000000fb2806f8,0x00000000fba00000)
  to   space 18944K, 0% used [0x00000000f9500000,0x00000000f9500000,0x00000000fa780000)
 ParOldGen       total 103424K, used 30402K [0x00000000e0000000, 0x00000000e6500000, 0x00000000f5580000)
  object space 103424K, 29% used [0x00000000e0000000,0x00000000e1db0a70,0x00000000e6500000)
 Metaspace       used 58021K, capacity 62270K, committed 62424K, reserved 1103872K
  class space    used 7225K, capacity 8598K, committed 8664K, reserved 1048576K
}
Event: 11.883 GC heap before
{Heap before GC invocations=14 (full 3):
 PSYoungGen      total 81920K, used 74241K [0x00000000f5580000, 0x00000000fba00000, 0x0000000100000000)
  eden space 65024K, 100% used [0x00000000f5580000,0x00000000f9500000,0x00000000f9500000)
  from space 16896K, 54% used [0x00000000fa980000,0x00000000fb2806f8,0x00000000fba00000)
  to   space 18944K, 0% used [0x00000000f9500000,0x00000000f9500000,0x00000000fa780000)
 ParOldGen       total 103424K, used 30402K [0x00000000e0000000, 0x00000000e6500000, 0x00000000f5580000)
  object space 103424K, 29% used [0x00000000e0000000,0x00000000e1db0a70,0x00000000e6500000)
 Metaspace       used 67926K, capacity 73188K, committed 73432K, reserved 1112064K
  class space    used 8474K, capacity 10165K, committed 10200K, reserved 1048576K
Event: 11.891 GC heap after
Heap after GC invocations=14 (full 3):
 PSYoungGen      total 83968K, used 18916K [0x00000000f5580000, 0x00000000fc800000, 0x0000000100000000)
  eden space 65024K, 0% used [0x00000000f5580000,0x00000000f5580000,0x00000000f9500000)
  from space 18944K, 99% used [0x00000000f9500000,0x00000000fa779268,0x00000000fa780000)
  to   space 22016K, 0% used [0x00000000fb280000,0x00000000fb280000,0x00000000fc800000)
 ParOldGen       total 103424K, used 31197K [0x00000000e0000000, 0x00000000e6500000, 0x00000000f5580000)
  object space 103424K, 30% used [0x00000000e0000000,0x00000000e1e77540,0x00000000e6500000)
 Metaspace       used 67926K, capacity 73188K, committed 73432K, reserved 1112064K
  class space    used 8474K, capacity 10165K, committed 10200K, reserved 1048576K
}

