# JRE version: Java(TM) SE Runtime Environment (8.0_25-b18) (build 1.8.0_25-b18)
# Java VM: Java HotSpot(TM) 64-Bit Server VM (25.25-b02 mixed mode windows-amd64 compressed oops)
Heap:
 PSYoungGen      total 35840K, used 20114K [0x00000000f5580000, 0x00000000f7c80000, 0x0000000100000000)
  eden space 31744K, 59% used [0x00000000f5580000,0x00000000f67e4bc0,0x00000000f7480000)
  from space 4096K, 31% used [0x00000000f7480000,0x00000000f75c0000,0x00000000f7880000)
  to   space 4096K, 0% used [0x00000000f7880000,0x00000000f7880000,0x00000000f7c80000)
 ParOldGen       total 108032K, used 52841K [0x00000000e0000000, 0x00000000e6980000, 0x00000000f5580000)
  object space 108032K, 48% used [0x00000000e0000000,0x00000000e339a5d8,0x00000000e6980000)
 Metaspace       used 92470K, capacity 98380K, committed 98648K, reserved 1134592K
  class space    used 10669K, capacity 12618K, committed 12632K, reserved 1048576K
GC Heap History (10 events):
Event: 18004.630 GC heap before
{Heap before GC invocations=354 (full 105):
 PSYoungGen      total 35328K, used 34208K [0x00000000f5580000, 0x00000000f7b80000, 0x0000000100000000)
  eden space 31744K, 100% used [0x00000000f5580000,0x00000000f7480000,0x00000000f7480000)
  from space 3584K, 68% used [0x00000000f7800000,0x00000000f7a68110,0x00000000f7b80000)
  to   space 3584K, 0% used [0x00000000f7480000,0x00000000f7480000,0x00000000f7800000)
 ParOldGen       total 108032K, used 52001K [0x00000000e0000000, 0x00000000e6980000, 0x00000000f5580000)
  object space 108032K, 48% used [0x00000000e0000000,0x00000000e32c8498,0x00000000e6980000)
 Metaspace       used 91826K, capacity 97936K, committed 98136K, reserved 1134592K
  class space    used 10595K, capacity 12518K, committed 12632K, reserved 1048576K
Event: 18004.634 GC heap after
Heap after GC invocations=354 (full 105):
 PSYoungGen      total 35328K, used 3552K [0x00000000f5580000, 0x00000000f7c80000, 0x0000000100000000)
  eden space 31744K, 0% used [0x00000000f5580000,0x00000000f5580000,0x00000000f7480000)
  from space 3584K, 99% used [0x00000000f7480000,0x00000000f77f8130,0x00000000f7800000)
  to   space 4096K, 0% used [0x00000000f7880000,0x00000000f7880000,0x00000000f7c80000)
 ParOldGen       total 108032K, used 52329K [0x00000000e0000000, 0x00000000e6980000, 0x00000000f5580000)
  object space 108032K, 48% used [0x00000000e0000000,0x00000000e331a5c8,0x00000000e6980000)
 Metaspace       used 91826K, capacity 97936K, committed 98136K, reserved 1134592K
  class space    used 10595K, capacity 12518K, committed 12632K, reserved 1048576K
}
Event: 18548.833 GC heap before
{Heap before GC invocations=355 (full 105):
 PSYoungGen      total 35328K, used 35296K [0x00000000f5580000, 0x00000000f7c80000, 0x0000000100000000)
  eden space 31744K, 100% used [0x00000000f5580000,0x00000000f7480000,0x00000000f7480000)
  from space 3584K, 99% used [0x00000000f7480000,0x00000000f77f8130,0x00000000f7800000)
  to   space 4096K, 0% used [0x00000000f7880000,0x00000000f7880000,0x00000000f7c80000)
 ParOldGen       total 108032K, used 52329K [0x00000000e0000000, 0x00000000e6980000, 0x00000000f5580000)
  object space 108032K, 48% used [0x00000000e0000000,0x00000000e331a5c8,0x00000000e6980000)
 Metaspace       used 91827K, capacity 97936K, committed 98136K, reserved 1134592K
  class space    used 10595K, capacity 12518K, committed 12632K, reserved 1048576K
Event: 18548.837 GC heap after
Heap after GC invocations=355 (full 105):
 PSYoungGen      total 35840K, used 3008K [0x00000000f5580000, 0x00000000f7c80000, 0x0000000100000000)
  eden space 31744K, 0% used [0x00000000f5580000,0x00000000f5580000,0x00000000f7480000)
  from space 4096K, 73% used [0x00000000f7880000,0x00000000f7b70100,0x00000000f7c80000)
  to   space 4096K, 0% used [0x00000000f7480000,0x00000000f7480000,0x00000000f7880000)
 ParOldGen       total 108032K, used 52673K [0x00000000e0000000, 0x00000000e6980000, 0x00000000f5580000)
  object space 108032K, 48% used [0x00000000e0000000,0x00000000e33705d8,0x00000000e6980000)
 Metaspace       used 91827K, capacity 97936K, committed 98136K, reserved 1134592K
  class space    used 10595K, capacity 12518K, committed 12632K, reserved 1048576K
}
Event: 18999.422 GC heap before
{Heap before GC invocations=356 (full 105):
 PSYoungGen      total 35840K, used 34750K [0x00000000f5580000, 0x00000000f7c80000, 0x0000000100000000)
  eden space 31744K, 99% used [0x00000000f5580000,0x00000000f747f780,0x00000000f7480000)
  from space 4096K, 73% used [0x00000000f7880000,0x00000000f7b70100,0x00000000f7c80000)
  to   space 4096K, 0% used [0x00000000f7480000,0x00000000f7480000,0x00000000f7880000)
 ParOldGen       total 108032K, used 52673K [0x00000000e0000000, 0x00000000e6980000, 0x00000000f5580000)
  object space 108032K, 48% used [0x00000000e0000000,0x00000000e33705d8,0x00000000e6980000)
 Metaspace       used 91827K, capacity 97936K, committed 98136K, reserved 1134592K
  class space    used 10595K, capacity 12518K, committed 12632K, reserved 1048576K
Event: 18999.426 GC heap after
Heap after GC invocations=356 (full 105):
 PSYoungGen      total 35840K, used 2976K [0x00000000f5580000, 0x00000000f7c80000, 0x0000000100000000)
  eden space 31744K, 0% used [0x00000000f5580000,0x00000000f5580000,0x00000000f7480000)
  from space 4096K, 72% used [0x00000000f7480000,0x00000000f7768100,0x00000000f7880000)
  to   space 4096K, 0% used [0x00000000f7880000,0x00000000f7880000,0x00000000f7c80000)
 ParOldGen       total 108032K, used 52673K [0x00000000e0000000, 0x00000000e6980000, 0x00000000f5580000)
  object space 108032K, 48% used [0x00000000e0000000,0x00000000e33705d8,0x00000000e6980000)
 Metaspace       used 91827K, capacity 97936K, committed 98136K, reserved 1134592K
  class space    used 10595K, capacity 12518K, committed 12632K, reserved 1048576K
}
Event: 19042.300 GC heap before
{Heap before GC invocations=357 (full 105):
 PSYoungGen      total 35840K, used 34720K [0x00000000f5580000, 0x00000000f7c80000, 0x0000000100000000)
  eden space 31744K, 100% used [0x00000000f5580000,0x00000000f7480000,0x00000000f7480000)
  from space 4096K, 72% used [0x00000000f7480000,0x00000000f7768100,0x00000000f7880000)
  to   space 4096K, 0% used [0x00000000f7880000,0x00000000f7880000,0x00000000f7c80000)
 ParOldGen       total 108032K, used 52673K [0x00000000e0000000, 0x00000000e6980000, 0x00000000f5580000)
  object space 108032K, 48% used [0x00000000e0000000,0x00000000e33705d8,0x00000000e6980000)
 Metaspace       used 92023K, capacity 98032K, committed 98136K, reserved 1134592K
  class space    used 10621K, capacity 12550K, committed 12632K, reserved 1048576K
Event: 19042.303 GC heap after
Heap after GC invocations=357 (full 105):
 PSYoungGen      total 35840K, used 1936K [0x00000000f5580000, 0x00000000f7c80000, 0x0000000100000000)
  eden space 31744K, 0% used [0x00000000f5580000,0x00000000f5580000,0x00000000f7480000)
  from space 4096K, 47% used [0x00000000f7880000,0x00000000f7a640a0,0x00000000f7c80000)
  to   space 4096K, 0% used [0x00000000f7480000,0x00000000f7480000,0x00000000f7880000)
 ParOldGen       total 108032K, used 52753K [0x00000000e0000000, 0x00000000e6980000, 0x00000000f5580000)
  object space 108032K, 48% used [0x00000000e0000000,0x00000000e33845d8,0x00000000e6980000)
 Metaspace       used 92023K, capacity 98032K, committed 98136K, reserved 1134592K
  class space    used 10621K, capacity 12550K, committed 12632K, reserved 1048576K
}
Event: 19043.282 GC heap before
{Heap before GC invocations=358 (full 105):
 PSYoungGen      total 35840K, used 33680K [0x00000000f5580000, 0x00000000f7c80000, 0x0000000100000000)
  eden space 31744K, 100% used [0x00000000f5580000,0x00000000f7480000,0x00000000f7480000)
  from space 4096K, 47% used [0x00000000f7880000,0x00000000f7a640a0,0x00000000f7c80000)
  to   space 4096K, 0% used [0x00000000f7480000,0x00000000f7480000,0x00000000f7880000)
 ParOldGen       total 108032K, used 52753K [0x00000000e0000000, 0x00000000e6980000, 0x00000000f5580000)
  object space 108032K, 48% used [0x00000000e0000000,0x00000000e33845d8,0x00000000e6980000)
 Metaspace       used 92101K, capacity 98082K, committed 98392K, reserved 1134592K
  class space    used 10630K, capacity 12585K, committed 12632K, reserved 1048576K
Event: 19043.287 GC heap after
Heap after GC invocations=358 (full 105):
 PSYoungGen      total 35840K, used 1280K [0x00000000f5580000, 0x00000000f7c80000, 0x0000000100000000)
  eden space 31744K, 0% used [0x00000000f5580000,0x00000000f5580000,0x00000000f7480000)
  from space 4096K, 31% used [0x00000000f7480000,0x00000000f75c0000,0x00000000f7880000)
  to   space 4096K, 0% used [0x00000000f7880000,0x00000000f7880000,0x00000000f7c80000)
 ParOldGen       total 108032K, used 52841K [0x00000000e0000000, 0x00000000e6980000, 0x00000000f5580000)
  object space 108032K, 48% used [0x00000000e0000000,0x00000000e339a5d8,0x00000000e6980000)
 Metaspace       used 92101K, capacity 98082K, committed 98392K, reserved 1134592K
  class space    used 10630K, capacity 12585K, committed 12632K, reserved 1048576K
}

