# JRE version: Java(TM) SE Runtime Environment (8.0_25-b18) (build 1.8.0_25-b18)
# Java VM: Java HotSpot(TM) 64-Bit Server VM (25.25-b02 mixed mode windows-amd64 compressed oops)
Heap:
 PSYoungGen      total 64000K, used 47376K [0x00000000f5580000, 0x00000000fac80000, 0x0000000100000000)
  eden space 46592K, 70% used [0x00000000f5580000,0x00000000f758bec0,0x00000000f8300000)
  from space 17408K, 83% used [0x00000000f8300000,0x00000000f9138200,0x00000000f9400000)
  to   space 18432K, 0% used [0x00000000f9a80000,0x00000000f9a80000,0x00000000fac80000)
 ParOldGen       total 102400K, used 33507K [0x00000000e0000000, 0x00000000e6400000, 0x00000000f5580000)
  object space 102400K, 32% used [0x00000000e0000000,0x00000000e20b8e70,0x00000000e6400000)
 Metaspace       used 67736K, capacity 72934K, committed 73176K, reserved 1112064K
  class space    used 8472K, capacity 10167K, committed 10200K, reserved 1048576K
GC Heap History (10 events):
Event: 4.298 GC heap before
{Heap before GC invocations=12 (full 2):
 PSYoungGen      total 48128K, used 44874K [0x00000000f5580000, 0x00000000f9a00000, 0x0000000100000000)
  eden space 34816K, 100% used [0x00000000f5580000,0x00000000f7780000,0x00000000f7780000)
  from space 13312K, 75% used [0x00000000f7780000,0x00000000f81528d0,0x00000000f8480000)
  to   space 13824K, 0% used [0x00000000f8c80000,0x00000000f8c80000,0x00000000f9a00000)
 ParOldGen       total 67584K, used 18358K [0x00000000e0000000, 0x00000000e4200000, 0x00000000f5580000)
  object space 67584K, 27% used [0x00000000e0000000,0x00000000e11eda70,0x00000000e4200000)
 Metaspace       used 48065K, capacity 51944K, committed 52184K, reserved 1093632K
  class space    used 5827K, capacity 7045K, committed 7128K, reserved 1048576K
Event: 4.306 GC heap after
Heap after GC invocations=12 (full 2):
 PSYoungGen      total 54784K, used 13759K [0x00000000f5580000, 0x00000000f9c80000, 0x0000000100000000)
  eden space 40960K, 0% used [0x00000000f5580000,0x00000000f5580000,0x00000000f7d80000)
  from space 13824K, 99% used [0x00000000f8c80000,0x00000000f99eff00,0x00000000f9a00000)
  to   space 15360K, 0% used [0x00000000f7d80000,0x00000000f7d80000,0x00000000f8c80000)
 ParOldGen       total 67584K, used 18366K [0x00000000e0000000, 0x00000000e4200000, 0x00000000f5580000)
  object space 67584K, 27% used [0x00000000e0000000,0x00000000e11efa70,0x00000000e4200000)
 Metaspace       used 48065K, capacity 51944K, committed 52184K, reserved 1093632K
  class space    used 5827K, capacity 7045K, committed 7128K, reserved 1048576K
}
Event: 5.262 GC heap before
{Heap before GC invocations=13 (full 2):
 PSYoungGen      total 54784K, used 50759K [0x00000000f5580000, 0x00000000f9c80000, 0x0000000100000000)
  eden space 40960K, 90% used [0x00000000f5580000,0x00000000f79a1f20,0x00000000f7d80000)
  from space 13824K, 99% used [0x00000000f8c80000,0x00000000f99eff00,0x00000000f9a00000)
  to   space 15360K, 0% used [0x00000000f7d80000,0x00000000f7d80000,0x00000000f8c80000)
 ParOldGen       total 67584K, used 18366K [0x00000000e0000000, 0x00000000e4200000, 0x00000000f5580000)
  object space 67584K, 27% used [0x00000000e0000000,0x00000000e11efa70,0x00000000e4200000)
 Metaspace       used 54686K, capacity 58928K, committed 59028K, reserved 1099776K
  class space    used 6743K, capacity 8081K, committed 8152K, reserved 1048576K
Event: 5.270 GC heap after
Heap after GC invocations=13 (full 2):
 PSYoungGen      total 56320K, used 15351K [0x00000000f5580000, 0x00000000fa800000, 0x0000000100000000)
  eden space 40960K, 0% used [0x00000000f5580000,0x00000000f5580000,0x00000000f7d80000)
  from space 15360K, 99% used [0x00000000f7d80000,0x00000000f8c7dd38,0x00000000f8c80000)
  to   space 17920K, 0% used [0x00000000f9680000,0x00000000f9680000,0x00000000fa800000)
 ParOldGen       total 67584K, used 19783K [0x00000000e0000000, 0x00000000e4200000, 0x00000000f5580000)
  object space 67584K, 29% used [0x00000000e0000000,0x00000000e1351df8,0x00000000e4200000)
 Metaspace       used 54686K, capacity 58928K, committed 59028K, reserved 1099776K
  class space    used 6743K, capacity 8081K, committed 8152K, reserved 1048576K
}
Event: 5.270 GC heap before
{Heap before GC invocations=14 (full 3):
 PSYoungGen      total 56320K, used 15351K [0x00000000f5580000, 0x00000000fa800000, 0x0000000100000000)
  eden space 40960K, 0% used [0x00000000f5580000,0x00000000f5580000,0x00000000f7d80000)
  from space 15360K, 99% used [0x00000000f7d80000,0x00000000f8c7dd38,0x00000000f8c80000)
  to   space 17920K, 0% used [0x00000000f9680000,0x00000000f9680000,0x00000000fa800000)
 ParOldGen       total 67584K, used 19783K [0x00000000e0000000, 0x00000000e4200000, 0x00000000f5580000)
  object space 67584K, 29% used [0x00000000e0000000,0x00000000e1351df8,0x00000000e4200000)
 Metaspace       used 54686K, capacity 58928K, committed 59028K, reserved 1099776K
  class space    used 6743K, capacity 8081K, committed 8152K, reserved 1048576K
Event: 5.453 GC heap after
Heap after GC invocations=14 (full 3):
 PSYoungGen      total 56320K, used 0K [0x00000000f5580000, 0x00000000fa800000, 0x0000000100000000)
  eden space 40960K, 0% used [0x00000000f5580000,0x00000000f5580000,0x00000000f7d80000)
  from space 15360K, 0% used [0x00000000f7d80000,0x00000000f7d80000,0x00000000f8c80000)
  to   space 17920K, 0% used [0x00000000f9680000,0x00000000f9680000,0x00000000fa800000)
 ParOldGen       total 102400K, used 33491K [0x00000000e0000000, 0x00000000e6400000, 0x00000000f5580000)
  object space 102400K, 32% used [0x00000000e0000000,0x00000000e20b4e70,0x00000000e6400000)
 Metaspace       used 54686K, capacity 58928K, committed 59028K, reserved 1099776K
  class space    used 6743K, capacity 8081K, committed 8152K, reserved 1048576K
}
Event: 5.816 GC heap before
{Heap before GC invocations=15 (full 3):
 PSYoungGen      total 56320K, used 40960K [0x00000000f5580000, 0x00000000fa800000, 0x0000000100000000)
  eden space 40960K, 100% used [0x00000000f5580000,0x00000000f7d80000,0x00000000f7d80000)
  from space 15360K, 0% used [0x00000000f7d80000,0x00000000f7d80000,0x00000000f8c80000)
  to   space 17920K, 0% used [0x00000000f9680000,0x00000000f9680000,0x00000000fa800000)
 ParOldGen       total 102400K, used 33491K [0x00000000e0000000, 0x00000000e6400000, 0x00000000f5580000)
  object space 102400K, 32% used [0x00000000e0000000,0x00000000e20b4e70,0x00000000e6400000)
 Metaspace       used 58006K, capacity 62206K, committed 62296K, reserved 1103872K
  class space    used 7229K, capacity 8534K, committed 8536K, reserved 1048576K
Event: 5.821 GC heap after
Heap after GC invocations=15 (full 3):
 PSYoungGen      total 61440K, used 7880K [0x00000000f5580000, 0x00000000fa500000, 0x0000000100000000)
  eden space 46592K, 0% used [0x00000000f5580000,0x00000000f5580000,0x00000000f8300000)
  from space 14848K, 53% used [0x00000000f9680000,0x00000000f9e322e0,0x00000000fa500000)
  to   space 17408K, 0% used [0x00000000f8300000,0x00000000f8300000,0x00000000f9400000)
 ParOldGen       total 102400K, used 33499K [0x00000000e0000000, 0x00000000e6400000, 0x00000000f5580000)
  object space 102400K, 32% used [0x00000000e0000000,0x00000000e20b6e70,0x00000000e6400000)
 Metaspace       used 58006K, capacity 62206K, committed 62296K, reserved 1103872K
  class space    used 7229K, capacity 8534K, committed 8536K, reserved 1048576K
}
Event: 6.883 GC heap before
{Heap before GC invocations=16 (full 3):
 PSYoungGen      total 61440K, used 54472K [0x00000000f5580000, 0x00000000fa500000, 0x0000000100000000)
  eden space 46592K, 100% used [0x00000000f5580000,0x00000000f8300000,0x00000000f8300000)
  from space 14848K, 53% used [0x00000000f9680000,0x00000000f9e322e0,0x00000000fa500000)
  to   space 17408K, 0% used [0x00000000f8300000,0x00000000f8300000,0x00000000f9400000)
 ParOldGen       total 102400K, used 33499K [0x00000000e0000000, 0x00000000e6400000, 0x00000000f5580000)
  object space 102400K, 32% used [0x00000000e0000000,0x00000000e20b6e70,0x00000000e6400000)
 Metaspace       used 62478K, capacity 67200K, committed 67544K, reserved 1107968K
  class space    used 7797K, capacity 9306K, committed 9432K, reserved 1048576K
Event: 6.890 GC heap after
Heap after GC invocations=16 (full 3):
 PSYoungGen      total 64000K, used 14560K [0x00000000f5580000, 0x00000000fac80000, 0x0000000100000000)
  eden space 46592K, 0% used [0x00000000f5580000,0x00000000f5580000,0x00000000f8300000)
  from space 17408K, 83% used [0x00000000f8300000,0x00000000f9138200,0x00000000f9400000)
  to   space 18432K, 0% used [0x00000000f9a80000,0x00000000f9a80000,0x00000000fac80000)
 ParOldGen       total 102400K, used 33507K [0x00000000e0000000, 0x00000000e6400000, 0x00000000f5580000)
  object space 102400K, 32% used [0x00000000e0000000,0x00000000e20b8e70,0x00000000e6400000)
 Metaspace       used 62478K, capacity 67200K, committed 67544K, reserved 1107968K
  class space    used 7797K, capacity 9306K, committed 9432K, reserved 1048576K
}

