# JRE version: Java(TM) SE Runtime Environment (8.0_25-b18) (build 1.8.0_25-b18)
# Java VM: Java HotSpot(TM) 64-Bit Server VM (25.25-b02 mixed mode windows-amd64 compressed oops)
Heap:
 PSYoungGen      total 71168K, used 29959K [0x00000000f5580000, 0x00000000fb280000, 0x0000000100000000)
  eden space 50688K, 46% used [0x00000000f5580000,0x00000000f6c87598,0x00000000f8700000)
  from space 20480K, 31% used [0x00000000f8700000,0x00000000f8d3a668,0x00000000f9b00000)
  to   space 19968K, 0% used [0x00000000f9f00000,0x00000000f9f00000,0x00000000fb280000)
 ParOldGen       total 101888K, used 43904K [0x00000000e0000000, 0x00000000e6380000, 0x00000000f5580000)
  object space 101888K, 43% used [0x00000000e0000000,0x00000000e2ae01e8,0x00000000e6380000)
 Metaspace       used 73828K, capacity 79404K, committed 79576K, reserved 1118208K
  class space    used 9163K, capacity 10906K, committed 10968K, reserved 1048576K
GC Heap History (10 events):
Event: 7.038 GC heap before
{Heap before GC invocations=15 (full 3):
 PSYoungGen      total 57856K, used 41984K [0x00000000f5580000, 0x00000000fa900000, 0x0000000100000000)
  eden space 41984K, 100% used [0x00000000f5580000,0x00000000f7e80000,0x00000000f7e80000)
  from space 15872K, 0% used [0x00000000f7e80000,0x00000000f7e80000,0x00000000f8e00000)
  to   space 17920K, 0% used [0x00000000f9780000,0x00000000f9780000,0x00000000fa900000)
 ParOldGen       total 101888K, used 33148K [0x00000000e0000000, 0x00000000e6380000, 0x00000000f5580000)
  object space 101888K, 32% used [0x00000000e0000000,0x00000000e205f2e8,0x00000000e6380000)
 Metaspace       used 58060K, capacity 62340K, committed 62680K, reserved 1103872K
  class space    used 7222K, capacity 8599K, committed 8664K, reserved 1048576K
Event: 7.044 GC heap after
Heap after GC invocations=15 (full 3):
 PSYoungGen      total 62464K, used 7851K [0x00000000f5580000, 0x00000000fa600000, 0x0000000100000000)
  eden space 47616K, 0% used [0x00000000f5580000,0x00000000f5580000,0x00000000f8400000)
  from space 14848K, 52% used [0x00000000f9780000,0x00000000f9f2af58,0x00000000fa600000)
  to   space 17408K, 0% used [0x00000000f8400000,0x00000000f8400000,0x00000000f9500000)
 ParOldGen       total 101888K, used 33156K [0x00000000e0000000, 0x00000000e6380000, 0x00000000f5580000)
  object space 101888K, 32% used [0x00000000e0000000,0x00000000e20612e8,0x00000000e6380000)
 Metaspace       used 58060K, capacity 62340K, committed 62680K, reserved 1103872K
  class space    used 7222K, capacity 8599K, committed 8664K, reserved 1048576K
}
Event: 8.657 GC heap before
{Heap before GC invocations=16 (full 3):
 PSYoungGen      total 62464K, used 55467K [0x00000000f5580000, 0x00000000fa600000, 0x0000000100000000)
  eden space 47616K, 100% used [0x00000000f5580000,0x00000000f8400000,0x00000000f8400000)
  from space 14848K, 52% used [0x00000000f9780000,0x00000000f9f2af58,0x00000000fa600000)
  to   space 17408K, 0% used [0x00000000f8400000,0x00000000f8400000,0x00000000f9500000)
 ParOldGen       total 101888K, used 33156K [0x00000000e0000000, 0x00000000e6380000, 0x00000000f5580000)
  object space 101888K, 32% used [0x00000000e0000000,0x00000000e20612e8,0x00000000e6380000)
 Metaspace       used 62296K, capacity 66934K, committed 67032K, reserved 1107968K
  class space    used 7737K, capacity 9168K, committed 9176K, reserved 1048576K
Event: 8.664 GC heap after
Heap after GC invocations=16 (full 3):
 PSYoungGen      total 65024K, used 13907K [0x00000000f5580000, 0x00000000fad00000, 0x0000000100000000)
  eden space 47616K, 0% used [0x00000000f5580000,0x00000000f5580000,0x00000000f8400000)
  from space 17408K, 79% used [0x00000000f8400000,0x00000000f9194eb8,0x00000000f9500000)
  to   space 18432K, 0% used [0x00000000f9b00000,0x00000000f9b00000,0x00000000fad00000)
 ParOldGen       total 101888K, used 33164K [0x00000000e0000000, 0x00000000e6380000, 0x00000000f5580000)
  object space 101888K, 32% used [0x00000000e0000000,0x00000000e20632e8,0x00000000e6380000)
 Metaspace       used 62296K, capacity 66934K, committed 67032K, reserved 1107968K
  class space    used 7737K, capacity 9168K, committed 9176K, reserved 1048576K
}
Event: 62.971 GC heap before
{Heap before GC invocations=17 (full 3):
 PSYoungGen      total 65024K, used 59347K [0x00000000f5580000, 0x00000000fad00000, 0x0000000100000000)
  eden space 47616K, 95% used [0x00000000f5580000,0x00000000f81dff80,0x00000000f8400000)
  from space 17408K, 79% used [0x00000000f8400000,0x00000000f9194eb8,0x00000000f9500000)
  to   space 18432K, 0% used [0x00000000f9b00000,0x00000000f9b00000,0x00000000fad00000)
 ParOldGen       total 101888K, used 33164K [0x00000000e0000000, 0x00000000e6380000, 0x00000000f5580000)
  object space 101888K, 32% used [0x00000000e0000000,0x00000000e20632e8,0x00000000e6380000)
 Metaspace       used 67986K, capacity 73282K, committed 73432K, reserved 1112064K
  class space    used 8444K, capacity 10107K, committed 10200K, reserved 1048576K
Event: 62.980 GC heap after
Heap after GC invocations=17 (full 3):
 PSYoungGen      total 69120K, used 17285K [0x00000000f5580000, 0x00000000fb100000, 0x0000000100000000)
  eden space 50688K, 0% used [0x00000000f5580000,0x00000000f5580000,0x00000000f8700000)
  from space 18432K, 93% used [0x00000000f9b00000,0x00000000fabe1488,0x00000000fad00000)
  to   space 20480K, 0% used [0x00000000f8700000,0x00000000f8700000,0x00000000f9b00000)
 ParOldGen       total 101888K, used 33172K [0x00000000e0000000, 0x00000000e6380000, 0x00000000f5580000)
  object space 101888K, 32% used [0x00000000e0000000,0x00000000e20652e8,0x00000000e6380000)
 Metaspace       used 67986K, capacity 73282K, committed 73432K, reserved 1112064K
  class space    used 8444K, capacity 10107K, committed 10200K, reserved 1048576K
}
Event: 62.980 GC heap before
{Heap before GC invocations=18 (full 4):
 PSYoungGen      total 69120K, used 17285K [0x00000000f5580000, 0x00000000fb100000, 0x0000000100000000)
  eden space 50688K, 0% used [0x00000000f5580000,0x00000000f5580000,0x00000000f8700000)
  from space 18432K, 93% used [0x00000000f9b00000,0x00000000fabe1488,0x00000000fad00000)
  to   space 20480K, 0% used [0x00000000f8700000,0x00000000f8700000,0x00000000f9b00000)
 ParOldGen       total 101888K, used 33172K [0x00000000e0000000, 0x00000000e6380000, 0x00000000f5580000)
  object space 101888K, 32% used [0x00000000e0000000,0x00000000e20652e8,0x00000000e6380000)
 Metaspace       used 67986K, capacity 73282K, committed 73432K, reserved 1112064K
  class space    used 8444K, capacity 10107K, committed 10200K, reserved 1048576K
Event: 63.249 GC heap after
Heap after GC invocations=18 (full 4):
 PSYoungGen      total 69120K, used 0K [0x00000000f5580000, 0x00000000fb100000, 0x0000000100000000)
  eden space 50688K, 0% used [0x00000000f5580000,0x00000000f5580000,0x00000000f8700000)
  from space 18432K, 0% used [0x00000000f9b00000,0x00000000f9b00000,0x00000000fad00000)
  to   space 20480K, 0% used [0x00000000f8700000,0x00000000f8700000,0x00000000f9b00000)
 ParOldGen       total 101888K, used 43896K [0x00000000e0000000, 0x00000000e6380000, 0x00000000f5580000)
  object space 101888K, 43% used [0x00000000e0000000,0x00000000e2ade1e8,0x00000000e6380000)
 Metaspace       used 67986K, capacity 73282K, committed 73432K, reserved 1112064K
  class space    used 8444K, capacity 10107K, committed 10200K, reserved 1048576K
}
Event: 105.833 GC heap before
{Heap before GC invocations=19 (full 4):
 PSYoungGen      total 69120K, used 50688K [0x00000000f5580000, 0x00000000fb100000, 0x0000000100000000)
  eden space 50688K, 100% used [0x00000000f5580000,0x00000000f8700000,0x00000000f8700000)
  from space 18432K, 0% used [0x00000000f9b00000,0x00000000f9b00000,0x00000000fad00000)
  to   space 20480K, 0% used [0x00000000f8700000,0x00000000f8700000,0x00000000f9b00000)
 ParOldGen       total 101888K, used 43896K [0x00000000e0000000, 0x00000000e6380000, 0x00000000f5580000)
  object space 101888K, 43% used [0x00000000e0000000,0x00000000e2ade1e8,0x00000000e6380000)
 Metaspace       used 72271K, capacity 77794K, committed 77912K, reserved 1116160K
  class space    used 8992K, capacity 10773K, committed 10840K, reserved 1048576K
Event: 105.837 GC heap after
Heap after GC invocations=19 (full 4):
 PSYoungGen      total 71168K, used 6377K [0x00000000f5580000, 0x00000000fb280000, 0x0000000100000000)
  eden space 50688K, 0% used [0x00000000f5580000,0x00000000f5580000,0x00000000f8700000)
  from space 20480K, 31% used [0x00000000f8700000,0x00000000f8d3a668,0x00000000f9b00000)
  to   space 19968K, 0% used [0x00000000f9f00000,0x00000000f9f00000,0x00000000fb280000)
 ParOldGen       total 101888K, used 43904K [0x00000000e0000000, 0x00000000e6380000, 0x00000000f5580000)
  object space 101888K, 43% used [0x00000000e0000000,0x00000000e2ae01e8,0x00000000e6380000)
 Metaspace       used 72271K, capacity 77794K, committed 77912K, reserved 1116160K
  class space    used 8992K, capacity 10773K, committed 10840K, reserved 1048576K
}

