# JRE version: Java(TM) SE Runtime Environment (8.0_25-b18) (build 1.8.0_25-b18)
# Java VM: Java HotSpot(TM) 64-Bit Server VM (25.25-b02 mixed mode windows-amd64 compressed oops)
Heap:
 PSYoungGen      total 52224K, used 26342K [0x00000000f5580000, 0x00000000f8980000, 0x0000000100000000)
  eden space 51200K, 51% used [0x00000000f5580000,0x00000000f6f39878,0x00000000f8780000)
  from space 1024K, 0% used [0x00000000f8780000,0x00000000f8780000,0x00000000f8880000)
  to   space 1024K, 0% used [0x00000000f8880000,0x00000000f8880000,0x00000000f8980000)
 ParOldGen       total 102400K, used 30450K [0x00000000e0000000, 0x00000000e6400000, 0x00000000f5580000)
  object space 102400K, 29% used [0x00000000e0000000,0x00000000e1dbcbe8,0x00000000e6400000)
 Metaspace       used 70530K, capacity 75882K, committed 76248K, reserved 1116160K
  class space    used 8649K, capacity 10348K, committed 10456K, reserved 1048576K
GC Heap History (10 events):
Event: 7863.731 GC heap before
{Heap before GC invocations=279 (full 134):
 PSYoungGen      total 52224K, used 480K [0x00000000f5580000, 0x00000000f8980000, 0x0000000100000000)
  eden space 51200K, 0% used [0x00000000f5580000,0x00000000f5580000,0x00000000f8780000)
  from space 1024K, 46% used [0x00000000f8780000,0x00000000f87f8000,0x00000000f8880000)
  to   space 1024K, 0% used [0x00000000f8880000,0x00000000f8880000,0x00000000f8980000)
 ParOldGen       total 102400K, used 30452K [0x00000000e0000000, 0x00000000e6400000, 0x00000000f5580000)
  object space 102400K, 29% used [0x00000000e0000000,0x00000000e1dbd2a8,0x00000000e6400000)
 Metaspace       used 69264K, capacity 74558K, committed 74712K, reserved 1114112K
  class space    used 8502K, capacity 10185K, committed 10200K, reserved 1048576K
Event: 7863.813 GC heap after
Heap after GC invocations=279 (full 134):
 PSYoungGen      total 52224K, used 0K [0x00000000f5580000, 0x00000000f8980000, 0x0000000100000000)
  eden space 51200K, 0% used [0x00000000f5580000,0x00000000f5580000,0x00000000f8780000)
  from space 1024K, 0% used [0x00000000f8780000,0x00000000f8780000,0x00000000f8880000)
  to   space 1024K, 0% used [0x00000000f8880000,0x00000000f8880000,0x00000000f8980000)
 ParOldGen       total 102400K, used 30571K [0x00000000e0000000, 0x00000000e6400000, 0x00000000f5580000)
  object space 102400K, 29% used [0x00000000e0000000,0x00000000e1ddae80,0x00000000e6400000)
 Metaspace       used 69264K, capacity 74558K, committed 74712K, reserved 1114112K
  class space    used 8502K, capacity 10185K, committed 10200K, reserved 1048576K
}
Event: 7923.727 GC heap before
{Heap before GC invocations=280 (full 134):
 PSYoungGen      total 52224K, used 3799K [0x00000000f5580000, 0x00000000f8980000, 0x0000000100000000)
  eden space 51200K, 7% used [0x00000000f5580000,0x00000000f5935ca0,0x00000000f8780000)
  from space 1024K, 0% used [0x00000000f8780000,0x00000000f8780000,0x00000000f8880000)
  to   space 1024K, 0% used [0x00000000f8880000,0x00000000f8880000,0x00000000f8980000)
 ParOldGen       total 102400K, used 30571K [0x00000000e0000000, 0x00000000e6400000, 0x00000000f5580000)
  object space 102400K, 29% used [0x00000000e0000000,0x00000000e1ddae80,0x00000000e6400000)
 Metaspace       used 69264K, capacity 74558K, committed 74712K, reserved 1114112K
  class space    used 8502K, capacity 10185K, committed 10200K, reserved 1048576K
Event: 7923.730 GC heap after
Heap after GC invocations=280 (full 134):
 PSYoungGen      total 52224K, used 192K [0x00000000f5580000, 0x00000000f8980000, 0x0000000100000000)
  eden space 51200K, 0% used [0x00000000f5580000,0x00000000f5580000,0x00000000f8780000)
  from space 1024K, 18% used [0x00000000f8880000,0x00000000f88b0000,0x00000000f8980000)
  to   space 1024K, 0% used [0x00000000f8780000,0x00000000f8780000,0x00000000f8880000)
 ParOldGen       total 102400K, used 30571K [0x00000000e0000000, 0x00000000e6400000, 0x00000000f5580000)
  object space 102400K, 29% used [0x00000000e0000000,0x00000000e1ddae80,0x00000000e6400000)
 Metaspace       used 69264K, capacity 74558K, committed 74712K, reserved 1114112K
  class space    used 8502K, capacity 10185K, committed 10200K, reserved 1048576K
}
Event: 7923.730 GC heap before
{Heap before GC invocations=281 (full 135):
 PSYoungGen      total 52224K, used 192K [0x00000000f5580000, 0x00000000f8980000, 0x0000000100000000)
  eden space 51200K, 0% used [0x00000000f5580000,0x00000000f5580000,0x00000000f8780000)
  from space 1024K, 18% used [0x00000000f8880000,0x00000000f88b0000,0x00000000f8980000)
  to   space 1024K, 0% used [0x00000000f8780000,0x00000000f8780000,0x00000000f8880000)
 ParOldGen       total 102400K, used 30571K [0x00000000e0000000, 0x00000000e6400000, 0x00000000f5580000)
  object space 102400K, 29% used [0x00000000e0000000,0x00000000e1ddae80,0x00000000e6400000)
 Metaspace       used 69264K, capacity 74558K, committed 74712K, reserved 1114112K
  class space    used 8502K, capacity 10185K, committed 10200K, reserved 1048576K
Event: 7923.795 GC heap after
Heap after GC invocations=281 (full 135):
 PSYoungGen      total 52224K, used 0K [0x00000000f5580000, 0x00000000f8980000, 0x0000000100000000)
  eden space 51200K, 0% used [0x00000000f5580000,0x00000000f5580000,0x00000000f8780000)
  from space 1024K, 0% used [0x00000000f8880000,0x00000000f8880000,0x00000000f8980000)
  to   space 1024K, 0% used [0x00000000f8780000,0x00000000f8780000,0x00000000f8880000)
 ParOldGen       total 102400K, used 30452K [0x00000000e0000000, 0x00000000e6400000, 0x00000000f5580000)
  object space 102400K, 29% used [0x00000000e0000000,0x00000000e1dbd2a8,0x00000000e6400000)
 Metaspace       used 69264K, capacity 74558K, committed 74712K, reserved 1114112K
  class space    used 8502K, capacity 10185K, committed 10200K, reserved 1048576K
}
Event: 7983.742 GC heap before
{Heap before GC invocations=282 (full 135):
 PSYoungGen      total 52224K, used 3750K [0x00000000f5580000, 0x00000000f8980000, 0x0000000100000000)
  eden space 51200K, 7% used [0x00000000f5580000,0x00000000f5929af8,0x00000000f8780000)
  from space 1024K, 0% used [0x00000000f8880000,0x00000000f8880000,0x00000000f8980000)
  to   space 1024K, 0% used [0x00000000f8780000,0x00000000f8780000,0x00000000f8880000)
 ParOldGen       total 102400K, used 30452K [0x00000000e0000000, 0x00000000e6400000, 0x00000000f5580000)
  object space 102400K, 29% used [0x00000000e0000000,0x00000000e1dbd2a8,0x00000000e6400000)
 Metaspace       used 69267K, capacity 74558K, committed 74712K, reserved 1114112K
  class space    used 8502K, capacity 10185K, committed 10200K, reserved 1048576K
Event: 7983.744 GC heap after
Heap after GC invocations=282 (full 135):
 PSYoungGen      total 52224K, used 160K [0x00000000f5580000, 0x00000000f8980000, 0x0000000100000000)
  eden space 51200K, 0% used [0x00000000f5580000,0x00000000f5580000,0x00000000f8780000)
  from space 1024K, 15% used [0x00000000f8780000,0x00000000f87a8000,0x00000000f8880000)
  to   space 1024K, 0% used [0x00000000f8880000,0x00000000f8880000,0x00000000f8980000)
 ParOldGen       total 102400K, used 30452K [0x00000000e0000000, 0x00000000e6400000, 0x00000000f5580000)
  object space 102400K, 29% used [0x00000000e0000000,0x00000000e1dbd2a8,0x00000000e6400000)
 Metaspace       used 69267K, capacity 74558K, committed 74712K, reserved 1114112K
  class space    used 8502K, capacity 10185K, committed 10200K, reserved 1048576K
}
Event: 7983.744 GC heap before
{Heap before GC invocations=283 (full 136):
 PSYoungGen      total 52224K, used 160K [0x00000000f5580000, 0x00000000f8980000, 0x0000000100000000)
  eden space 51200K, 0% used [0x00000000f5580000,0x00000000f5580000,0x00000000f8780000)
  from space 1024K, 15% used [0x00000000f8780000,0x00000000f87a8000,0x00000000f8880000)
  to   space 1024K, 0% used [0x00000000f8880000,0x00000000f8880000,0x00000000f8980000)
 ParOldGen       total 102400K, used 30452K [0x00000000e0000000, 0x00000000e6400000, 0x00000000f5580000)
  object space 102400K, 29% used [0x00000000e0000000,0x00000000e1dbd2a8,0x00000000e6400000)
 Metaspace       used 69267K, capacity 74558K, committed 74712K, reserved 1114112K
  class space    used 8502K, capacity 10185K, committed 10200K, reserved 1048576K
Event: 7983.828 GC heap after
Heap after GC invocations=283 (full 136):
 PSYoungGen      total 52224K, used 0K [0x00000000f5580000, 0x00000000f8980000, 0x0000000100000000)
  eden space 51200K, 0% used [0x00000000f5580000,0x00000000f5580000,0x00000000f8780000)
  from space 1024K, 0% used [0x00000000f8780000,0x00000000f8780000,0x00000000f8880000)
  to   space 1024K, 0% used [0x00000000f8880000,0x00000000f8880000,0x00000000f8980000)
 ParOldGen       total 102400K, used 30450K [0x00000000e0000000, 0x00000000e6400000, 0x00000000f5580000)
  object space 102400K, 29% used [0x00000000e0000000,0x00000000e1dbcbe8,0x00000000e6400000)
 Metaspace       used 69267K, capacity 74558K, committed 74712K, reserved 1114112K
  class space    used 8502K, capacity 10185K, committed 10200K, reserved 1048576K
}

