# JRE version: Java(TM) SE Runtime Environment (8.0_25-b18) (build 1.8.0_25-b18)
# Java VM: Java HotSpot(TM) 64-Bit Server VM (25.25-b02 mixed mode windows-amd64 compressed oops)
Heap:
 PSYoungGen      total 96768K, used 65135K [0x00000000f5580000, 0x00000000fc180000, 0x0000000100000000)
  eden space 83968K, 77% used [0x00000000f5580000,0x00000000f951bd08,0x00000000fa780000)
  from space 12800K, 0% used [0x00000000fb500000,0x00000000fb500000,0x00000000fc180000)
  to   space 13312K, 0% used [0x00000000fa780000,0x00000000fa780000,0x00000000fb480000)
 ParOldGen       total 103936K, used 43413K [0x00000000e0000000, 0x00000000e6580000, 0x00000000f5580000)
  object space 103936K, 41% used [0x00000000e0000000,0x00000000e2a65738,0x00000000e6580000)
 Metaspace       used 89189K, capacity 95210K, committed 95576K, reserved 1132544K
  class space    used 10589K, capacity 12507K, committed 12632K, reserved 1048576K
GC Heap History (10 events):
Event: 864.088 GC heap before
{Heap before GC invocations=55 (full 16):
 PSYoungGen      total 86016K, used 2779K [0x00000000f5580000, 0x00000000fc480000, 0x0000000100000000)
  eden space 82944K, 0% used [0x00000000f5580000,0x00000000f5580000,0x00000000fa680000)
  from space 3072K, 90% used [0x00000000fa680000,0x00000000fa936c50,0x00000000fa980000)
  to   space 15360K, 0% used [0x00000000fb580000,0x00000000fb580000,0x00000000fc480000)
 ParOldGen       total 103936K, used 45756K [0x00000000e0000000, 0x00000000e6580000, 0x00000000f5580000)
  object space 103936K, 44% used [0x00000000e0000000,0x00000000e2caf3a0,0x00000000e6580000)
 Metaspace       used 88053K, capacity 94066K, committed 94168K, reserved 1130496K
  class space    used 10495K, capacity 12407K, committed 12504K, reserved 1048576K
Event: 864.393 GC heap after
Heap after GC invocations=55 (full 16):
 PSYoungGen      total 86016K, used 0K [0x00000000f5580000, 0x00000000fc480000, 0x0000000100000000)
  eden space 82944K, 0% used [0x00000000f5580000,0x00000000f5580000,0x00000000fa680000)
  from space 3072K, 0% used [0x00000000fa680000,0x00000000fa680000,0x00000000fa980000)
  to   space 15360K, 0% used [0x00000000fb580000,0x00000000fb580000,0x00000000fc480000)
 ParOldGen       total 103936K, used 47194K [0x00000000e0000000, 0x00000000e6580000, 0x00000000f5580000)
  object space 103936K, 45% used [0x00000000e0000000,0x00000000e2e16970,0x00000000e6580000)
 Metaspace       used 88053K, capacity 94066K, committed 94168K, reserved 1130496K
  class space    used 10495K, capacity 12407K, committed 12504K, reserved 1048576K
}
Event: 899.576 GC heap before
{Heap before GC invocations=56 (full 16):
 PSYoungGen      total 86016K, used 82944K [0x00000000f5580000, 0x00000000fc480000, 0x0000000100000000)
  eden space 82944K, 100% used [0x00000000f5580000,0x00000000fa680000,0x00000000fa680000)
  from space 3072K, 0% used [0x00000000fa680000,0x00000000fa680000,0x00000000fa980000)
  to   space 15360K, 0% used [0x00000000fb580000,0x00000000fb580000,0x00000000fc480000)
 ParOldGen       total 103936K, used 47194K [0x00000000e0000000, 0x00000000e6580000, 0x00000000f5580000)
  object space 103936K, 45% used [0x00000000e0000000,0x00000000e2e16970,0x00000000e6580000)
 Metaspace       used 88260K, capacity 94258K, committed 94424K, reserved 1130496K
  class space    used 10505K, capacity 12407K, committed 12504K, reserved 1048576K
Event: 899.580 GC heap after
Heap after GC invocations=56 (full 16):
 PSYoungGen      total 98304K, used 1424K [0x00000000f5580000, 0x00000000fc400000, 0x0000000100000000)
  eden space 83456K, 0% used [0x00000000f5580000,0x00000000f5580000,0x00000000fa700000)
  from space 14848K, 9% used [0x00000000fb580000,0x00000000fb6e4010,0x00000000fc400000)
  to   space 14848K, 0% used [0x00000000fa700000,0x00000000fa700000,0x00000000fb580000)
 ParOldGen       total 103936K, used 47202K [0x00000000e0000000, 0x00000000e6580000, 0x00000000f5580000)
  object space 103936K, 45% used [0x00000000e0000000,0x00000000e2e18970,0x00000000e6580000)
 Metaspace       used 88260K, capacity 94258K, committed 94424K, reserved 1130496K
  class space    used 10505K, capacity 12407K, committed 12504K, reserved 1048576K
}
Event: 916.728 GC heap before
{Heap before GC invocations=57 (full 16):
 PSYoungGen      total 98304K, used 84880K [0x00000000f5580000, 0x00000000fc400000, 0x0000000100000000)
  eden space 83456K, 100% used [0x00000000f5580000,0x00000000fa700000,0x00000000fa700000)
  from space 14848K, 9% used [0x00000000fb580000,0x00000000fb6e4010,0x00000000fc400000)
  to   space 14848K, 0% used [0x00000000fa700000,0x00000000fa700000,0x00000000fb580000)
 ParOldGen       total 103936K, used 47202K [0x00000000e0000000, 0x00000000e6580000, 0x00000000f5580000)
  object space 103936K, 45% used [0x00000000e0000000,0x00000000e2e18970,0x00000000e6580000)
 Metaspace       used 88392K, capacity 94462K, committed 94680K, reserved 1132544K
  class space    used 10506K, capacity 12409K, committed 12504K, reserved 1048576K
Event: 916.735 GC heap after
Heap after GC invocations=57 (full 16):
 PSYoungGen      total 87552K, used 3817K [0x00000000f5580000, 0x00000000fc280000, 0x0000000100000000)
  eden space 83456K, 0% used [0x00000000f5580000,0x00000000f5580000,0x00000000fa700000)
  from space 4096K, 93% used [0x00000000fa700000,0x00000000faaba678,0x00000000fab00000)
  to   space 13824K, 0% used [0x00000000fb500000,0x00000000fb500000,0x00000000fc280000)
 ParOldGen       total 103936K, used 47210K [0x00000000e0000000, 0x00000000e6580000, 0x00000000f5580000)
  object space 103936K, 45% used [0x00000000e0000000,0x00000000e2e1a970,0x00000000e6580000)
 Metaspace       used 88392K, capacity 94462K, committed 94680K, reserved 1132544K
  class space    used 10506K, capacity 12409K, committed 12504K, reserved 1048576K
}
Event: 940.402 GC heap before
{Heap before GC invocations=58 (full 16):
 PSYoungGen      total 87552K, used 22201K [0x00000000f5580000, 0x00000000fc280000, 0x0000000100000000)
  eden space 83456K, 22% used [0x00000000f5580000,0x00000000f6773e30,0x00000000fa700000)
  from space 4096K, 93% used [0x00000000fa700000,0x00000000faaba678,0x00000000fab00000)
  to   space 13824K, 0% used [0x00000000fb500000,0x00000000fb500000,0x00000000fc280000)
 ParOldGen       total 103936K, used 47210K [0x00000000e0000000, 0x00000000e6580000, 0x00000000f5580000)
  object space 103936K, 45% used [0x00000000e0000000,0x00000000e2e1a970,0x00000000e6580000)
 Metaspace       used 88406K, capacity 94462K, committed 94680K, reserved 1132544K
  class space    used 10506K, capacity 12409K, committed 12504K, reserved 1048576K
Event: 940.410 GC heap after
Heap after GC invocations=58 (full 16):
 PSYoungGen      total 96768K, used 4634K [0x00000000f5580000, 0x00000000fc180000, 0x0000000100000000)
  eden space 83968K, 0% used [0x00000000f5580000,0x00000000f5580000,0x00000000fa780000)
  from space 12800K, 36% used [0x00000000fb500000,0x00000000fb986be0,0x00000000fc180000)
  to   space 13312K, 0% used [0x00000000fa780000,0x00000000fa780000,0x00000000fb480000)
 ParOldGen       total 103936K, used 47210K [0x00000000e0000000, 0x00000000e6580000, 0x00000000f5580000)
  object space 103936K, 45% used [0x00000000e0000000,0x00000000e2e1a970,0x00000000e6580000)
 Metaspace       used 88406K, capacity 94462K, committed 94680K, reserved 1132544K
  class space    used 10506K, capacity 12409K, committed 12504K, reserved 1048576K
}
Event: 940.410 GC heap before
{Heap before GC invocations=59 (full 17):
 PSYoungGen      total 96768K, used 4634K [0x00000000f5580000, 0x00000000fc180000, 0x0000000100000000)
  eden space 83968K, 0% used [0x00000000f5580000,0x00000000f5580000,0x00000000fa780000)
  from space 12800K, 36% used [0x00000000fb500000,0x00000000fb986be0,0x00000000fc180000)
  to   space 13312K, 0% used [0x00000000fa780000,0x00000000fa780000,0x00000000fb480000)
 ParOldGen       total 103936K, used 47210K [0x00000000e0000000, 0x00000000e6580000, 0x00000000f5580000)
  object space 103936K, 45% used [0x00000000e0000000,0x00000000e2e1a970,0x00000000e6580000)
 Metaspace       used 88406K, capacity 94462K, committed 94680K, reserved 1132544K
  class space    used 10506K, capacity 12409K, committed 12504K, reserved 1048576K
Event: 940.695 GC heap after
Heap after GC invocations=59 (full 17):
 PSYoungGen      total 96768K, used 0K [0x00000000f5580000, 0x00000000fc180000, 0x0000000100000000)
  eden space 83968K, 0% used [0x00000000f5580000,0x00000000f5580000,0x00000000fa780000)
  from space 12800K, 0% used [0x00000000fb500000,0x00000000fb500000,0x00000000fc180000)
  to   space 13312K, 0% used [0x00000000fa780000,0x00000000fa780000,0x00000000fb480000)
 ParOldGen       total 103936K, used 43413K [0x00000000e0000000, 0x00000000e6580000, 0x00000000f5580000)
  object space 103936K, 41% used [0x00000000e0000000,0x00000000e2a65738,0x00000000e6580000)
 Metaspace       used 88406K, capacity 94462K, committed 94680K, reserved 1132544K
  class space    used 10506K, capacity 12409K, committed 12504K, reserved 1048576K
}

