# JRE version: Java(TM) SE Runtime Environment (8.0_25-b18) (build 1.8.0_25-b18)
# Java VM: Java HotSpot(TM) 64-Bit Server VM (25.25-b02 mixed mode windows-amd64 compressed oops)
Heap:
 PSYoungGen      total 98304K, used 34001K [0x00000000f5580000, 0x00000000fb680000, 0x0000000100000000)
  eden space 97280K, 34% used [0x00000000f5580000,0x00000000f76b4430,0x00000000fb480000)
  from space 1024K, 0% used [0x00000000fb580000,0x00000000fb580000,0x00000000fb680000)
  to   space 1024K, 0% used [0x00000000fb480000,0x00000000fb480000,0x00000000fb580000)
 ParOldGen       total 98304K, used 35775K [0x00000000e0000000, 0x00000000e6000000, 0x00000000f5580000)
  object space 98304K, 36% used [0x00000000e0000000,0x00000000e22effb0,0x00000000e6000000)
 Metaspace       used 73356K, capacity 78622K, committed 78756K, reserved 1118208K
  class space    used 8717K, capacity 10395K, committed 10404K, reserved 1048576K
GC Heap History (10 events):
Event: 70856.059 GC heap before
{Heap before GC invocations=1625 (full 807):
 PSYoungGen      total 98304K, used 192K [0x00000000f5580000, 0x00000000fb680000, 0x0000000100000000)
  eden space 97280K, 0% used [0x00000000f5580000,0x00000000f5580000,0x00000000fb480000)
  from space 1024K, 18% used [0x00000000fb580000,0x00000000fb5b0000,0x00000000fb680000)
  to   space 1024K, 0% used [0x00000000fb480000,0x00000000fb480000,0x00000000fb580000)
 ParOldGen       total 98304K, used 35764K [0x00000000e0000000, 0x00000000e6000000, 0x00000000f5580000)
  object space 98304K, 36% used [0x00000000e0000000,0x00000000e22ed228,0x00000000e6000000)
 Metaspace       used 72120K, capacity 77648K, committed 77860K, reserved 1116160K
  class space    used 8567K, capacity 10263K, committed 10276K, reserved 1048576K
Event: 70856.162 GC heap after
Heap after GC invocations=1625 (full 807):
 PSYoungGen      total 98304K, used 0K [0x00000000f5580000, 0x00000000fb680000, 0x0000000100000000)
  eden space 97280K, 0% used [0x00000000f5580000,0x00000000f5580000,0x00000000fb480000)
  from space 1024K, 0% used [0x00000000fb580000,0x00000000fb580000,0x00000000fb680000)
  to   space 1024K, 0% used [0x00000000fb480000,0x00000000fb480000,0x00000000fb580000)
 ParOldGen       total 98304K, used 35771K [0x00000000e0000000, 0x00000000e6000000, 0x00000000f5580000)
  object space 98304K, 36% used [0x00000000e0000000,0x00000000e22eef30,0x00000000e6000000)
 Metaspace       used 72120K, capacity 77648K, committed 77860K, reserved 1116160K
  class space    used 8567K, capacity 10263K, committed 10276K, reserved 1048576K
}
Event: 70916.064 GC heap before
{Heap before GC invocations=1626 (full 807):
 PSYoungGen      total 98304K, used 4348K [0x00000000f5580000, 0x00000000fb680000, 0x0000000100000000)
  eden space 97280K, 4% used [0x00000000f5580000,0x00000000f59bf3f0,0x00000000fb480000)
  from space 1024K, 0% used [0x00000000fb580000,0x00000000fb580000,0x00000000fb680000)
  to   space 1024K, 0% used [0x00000000fb480000,0x00000000fb480000,0x00000000fb580000)
 ParOldGen       total 98304K, used 35771K [0x00000000e0000000, 0x00000000e6000000, 0x00000000f5580000)
  object space 98304K, 36% used [0x00000000e0000000,0x00000000e22eef30,0x00000000e6000000)
 Metaspace       used 72120K, capacity 77648K, committed 77860K, reserved 1116160K
  class space    used 8567K, capacity 10263K, committed 10276K, reserved 1048576K
Event: 70916.067 GC heap after
Heap after GC invocations=1626 (full 807):
 PSYoungGen      total 98304K, used 160K [0x00000000f5580000, 0x00000000fb680000, 0x0000000100000000)
  eden space 97280K, 0% used [0x00000000f5580000,0x00000000f5580000,0x00000000fb480000)
  from space 1024K, 15% used [0x00000000fb480000,0x00000000fb4a8000,0x00000000fb580000)
  to   space 1024K, 0% used [0x00000000fb580000,0x00000000fb580000,0x00000000fb680000)
 ParOldGen       total 98304K, used 35771K [0x00000000e0000000, 0x00000000e6000000, 0x00000000f5580000)
  object space 98304K, 36% used [0x00000000e0000000,0x00000000e22eef30,0x00000000e6000000)
 Metaspace       used 72120K, capacity 77648K, committed 77860K, reserved 1116160K
  class space    used 8567K, capacity 10263K, committed 10276K, reserved 1048576K
}
Event: 70916.067 GC heap before
{Heap before GC invocations=1627 (full 808):
 PSYoungGen      total 98304K, used 160K [0x00000000f5580000, 0x00000000fb680000, 0x0000000100000000)
  eden space 97280K, 0% used [0x00000000f5580000,0x00000000f5580000,0x00000000fb480000)
  from space 1024K, 15% used [0x00000000fb480000,0x00000000fb4a8000,0x00000000fb580000)
  to   space 1024K, 0% used [0x00000000fb580000,0x00000000fb580000,0x00000000fb680000)
 ParOldGen       total 98304K, used 35771K [0x00000000e0000000, 0x00000000e6000000, 0x00000000f5580000)
  object space 98304K, 36% used [0x00000000e0000000,0x00000000e22eef30,0x00000000e6000000)
 Metaspace       used 72120K, capacity 77648K, committed 77860K, reserved 1116160K
  class space    used 8567K, capacity 10263K, committed 10276K, reserved 1048576K
Event: 70916.169 GC heap after
Heap after GC invocations=1627 (full 808):
 PSYoungGen      total 98304K, used 0K [0x00000000f5580000, 0x00000000fb680000, 0x0000000100000000)
  eden space 97280K, 0% used [0x00000000f5580000,0x00000000f5580000,0x00000000fb480000)
  from space 1024K, 0% used [0x00000000fb480000,0x00000000fb480000,0x00000000fb580000)
  to   space 1024K, 0% used [0x00000000fb580000,0x00000000fb580000,0x00000000fb680000)
 ParOldGen       total 98304K, used 35773K [0x00000000e0000000, 0x00000000e6000000, 0x00000000f5580000)
  object space 98304K, 36% used [0x00000000e0000000,0x00000000e22ef440,0x00000000e6000000)
 Metaspace       used 72120K, capacity 77648K, committed 77860K, reserved 1116160K
  class space    used 8567K, capacity 10263K, committed 10276K, reserved 1048576K
}
Event: 70976.068 GC heap before
{Heap before GC invocations=1628 (full 808):
 PSYoungGen      total 98304K, used 4687K [0x00000000f5580000, 0x00000000fb680000, 0x0000000100000000)
  eden space 97280K, 4% used [0x00000000f5580000,0x00000000f5a13ef8,0x00000000fb480000)
  from space 1024K, 0% used [0x00000000fb480000,0x00000000fb480000,0x00000000fb580000)
  to   space 1024K, 0% used [0x00000000fb580000,0x00000000fb580000,0x00000000fb680000)
 ParOldGen       total 98304K, used 35773K [0x00000000e0000000, 0x00000000e6000000, 0x00000000f5580000)
  object space 98304K, 36% used [0x00000000e0000000,0x00000000e22ef440,0x00000000e6000000)
 Metaspace       used 72136K, capacity 77648K, committed 77860K, reserved 1116160K
  class space    used 8567K, capacity 10263K, committed 10276K, reserved 1048576K
Event: 70976.072 GC heap after
Heap after GC invocations=1628 (full 808):
 PSYoungGen      total 98304K, used 224K [0x00000000f5580000, 0x00000000fb680000, 0x0000000100000000)
  eden space 97280K, 0% used [0x00000000f5580000,0x00000000f5580000,0x00000000fb480000)
  from space 1024K, 21% used [0x00000000fb580000,0x00000000fb5b8000,0x00000000fb680000)
  to   space 1024K, 0% used [0x00000000fb480000,0x00000000fb480000,0x00000000fb580000)
 ParOldGen       total 98304K, used 35773K [0x00000000e0000000, 0x00000000e6000000, 0x00000000f5580000)
  object space 98304K, 36% used [0x00000000e0000000,0x00000000e22ef440,0x00000000e6000000)
 Metaspace       used 72136K, capacity 77648K, committed 77860K, reserved 1116160K
  class space    used 8567K, capacity 10263K, committed 10276K, reserved 1048576K
}
Event: 70976.072 GC heap before
{Heap before GC invocations=1629 (full 809):
 PSYoungGen      total 98304K, used 224K [0x00000000f5580000, 0x00000000fb680000, 0x0000000100000000)
  eden space 97280K, 0% used [0x00000000f5580000,0x00000000f5580000,0x00000000fb480000)
  from space 1024K, 21% used [0x00000000fb580000,0x00000000fb5b8000,0x00000000fb680000)
  to   space 1024K, 0% used [0x00000000fb480000,0x00000000fb480000,0x00000000fb580000)
 ParOldGen       total 98304K, used 35773K [0x00000000e0000000, 0x00000000e6000000, 0x00000000f5580000)
  object space 98304K, 36% used [0x00000000e0000000,0x00000000e22ef440,0x00000000e6000000)
 Metaspace       used 72136K, capacity 77648K, committed 77860K, reserved 1116160K
  class space    used 8567K, capacity 10263K, committed 10276K, reserved 1048576K
Event: 70976.195 GC heap after
Heap after GC invocations=1629 (full 809):
 PSYoungGen      total 98304K, used 0K [0x00000000f5580000, 0x00000000fb680000, 0x0000000100000000)
  eden space 97280K, 0% used [0x00000000f5580000,0x00000000f5580000,0x00000000fb480000)
  from space 1024K, 0% used [0x00000000fb580000,0x00000000fb580000,0x00000000fb680000)
  to   space 1024K, 0% used [0x00000000fb480000,0x00000000fb480000,0x00000000fb580000)
 ParOldGen       total 98304K, used 35775K [0x00000000e0000000, 0x00000000e6000000, 0x00000000f5580000)
  object space 98304K, 36% used [0x00000000e0000000,0x00000000e22effb0,0x00000000e6000000)
 Metaspace       used 72136K, capacity 77648K, committed 77860K, reserved 1116160K
  class space    used 8567K, capacity 10263K, committed 10276K, reserved 1048576K
}

