# JRE version: Java(TM) SE Runtime Environment (8.0_25-b18) (build 1.8.0_25-b18)
# Java VM: Java HotSpot(TM) 64-Bit Server VM (25.25-b02 mixed mode windows-amd64 compressed oops)
Heap:
 PSYoungGen      total 34304K, used 18440K [0x00000000f5580000, 0x00000000f7a80000, 0x0000000100000000)
  eden space 30720K, 54% used [0x00000000f5580000,0x00000000f65caaf0,0x00000000f7380000)
  from space 3584K, 49% used [0x00000000f7700000,0x00000000f78b78d0,0x00000000f7a80000)
  to   space 3584K, 0% used [0x00000000f7380000,0x00000000f7380000,0x00000000f7700000)
 ParOldGen       total 101376K, used 44414K [0x00000000e0000000, 0x00000000e6300000, 0x00000000f5580000)
  object space 101376K, 43% used [0x00000000e0000000,0x00000000e2b5f9d0,0x00000000e6300000)
 Metaspace       used 86534K, capacity 92648K, committed 93016K, reserved 1130496K
  class space    used 9902K, capacity 11796K, committed 11864K, reserved 1048576K
GC Heap History (10 events):
Event: 72068.573 GC heap before
{Heap before GC invocations=1540 (full 726):
 PSYoungGen      total 34816K, used 34430K [0x00000000f5580000, 0x00000000f7c00000, 0x0000000100000000)
  eden space 32256K, 100% used [0x00000000f5580000,0x00000000f7500000,0x00000000f7500000)
  from space 2560K, 84% used [0x00000000f7580000,0x00000000f779f8f0,0x00000000f7800000)
  to   space 3584K, 0% used [0x00000000f7880000,0x00000000f7880000,0x00000000f7c00000)
 ParOldGen       total 101376K, used 44078K [0x00000000e0000000, 0x00000000e6300000, 0x00000000f5580000)
  object space 101376K, 43% used [0x00000000e0000000,0x00000000e2b0b9c0,0x00000000e6300000)
 Metaspace       used 85844K, capacity 91966K, committed 92248K, reserved 1130496K
  class space    used 9829K, capacity 11763K, committed 11864K, reserved 1048576K
Event: 72068.578 GC heap after
Heap after GC invocations=1540 (full 726):
 PSYoungGen      total 34816K, used 2526K [0x00000000f5580000, 0x00000000f7b80000, 0x0000000100000000)
  eden space 31744K, 0% used [0x00000000f5580000,0x00000000f5580000,0x00000000f7480000)
  from space 3072K, 82% used [0x00000000f7880000,0x00000000f7af78d0,0x00000000f7b80000)
  to   space 3584K, 0% used [0x00000000f7480000,0x00000000f7480000,0x00000000f7800000)
 ParOldGen       total 101376K, used 44150K [0x00000000e0000000, 0x00000000e6300000, 0x00000000f5580000)
  object space 101376K, 43% used [0x00000000e0000000,0x00000000e2b1d9c0,0x00000000e6300000)
 Metaspace       used 85844K, capacity 91966K, committed 92248K, reserved 1130496K
  class space    used 9829K, capacity 11763K, committed 11864K, reserved 1048576K
}
Event: 72077.545 GC heap before
{Heap before GC invocations=1541 (full 726):
 PSYoungGen      total 34816K, used 34270K [0x00000000f5580000, 0x00000000f7b80000, 0x0000000100000000)
  eden space 31744K, 100% used [0x00000000f5580000,0x00000000f7480000,0x00000000f7480000)
  from space 3072K, 82% used [0x00000000f7880000,0x00000000f7af78d0,0x00000000f7b80000)
  to   space 3584K, 0% used [0x00000000f7480000,0x00000000f7480000,0x00000000f7800000)
 ParOldGen       total 101376K, used 44150K [0x00000000e0000000, 0x00000000e6300000, 0x00000000f5580000)
  object space 101376K, 43% used [0x00000000e0000000,0x00000000e2b1d9c0,0x00000000e6300000)
 Metaspace       used 85850K, capacity 91966K, committed 92248K, reserved 1130496K
  class space    used 9829K, capacity 11763K, committed 11864K, reserved 1048576K
Event: 72077.548 GC heap after
Heap after GC invocations=1541 (full 726):
 PSYoungGen      total 33280K, used 2042K [0x00000000f5580000, 0x00000000f7b00000, 0x0000000100000000)
  eden space 31232K, 0% used [0x00000000f5580000,0x00000000f5580000,0x00000000f7400000)
  from space 2048K, 99% used [0x00000000f7480000,0x00000000f767eab0,0x00000000f7680000)
  to   space 3584K, 0% used [0x00000000f7780000,0x00000000f7780000,0x00000000f7b00000)
 ParOldGen       total 101376K, used 44214K [0x00000000e0000000, 0x00000000e6300000, 0x00000000f5580000)
  object space 101376K, 43% used [0x00000000e0000000,0x00000000e2b2d9c0,0x00000000e6300000)
 Metaspace       used 85850K, capacity 91966K, committed 92248K, reserved 1130496K
  class space    used 9829K, capacity 11763K, committed 11864K, reserved 1048576K
}
Event: 72079.233 GC heap before
{Heap before GC invocations=1542 (full 726):
 PSYoungGen      total 33280K, used 33274K [0x00000000f5580000, 0x00000000f7b00000, 0x0000000100000000)
  eden space 31232K, 100% used [0x00000000f5580000,0x00000000f7400000,0x00000000f7400000)
  from space 2048K, 99% used [0x00000000f7480000,0x00000000f767eab0,0x00000000f7680000)
  to   space 3584K, 0% used [0x00000000f7780000,0x00000000f7780000,0x00000000f7b00000)
 ParOldGen       total 101376K, used 44214K [0x00000000e0000000, 0x00000000e6300000, 0x00000000f5580000)
  object space 101376K, 43% used [0x00000000e0000000,0x00000000e2b2d9c0,0x00000000e6300000)
 Metaspace       used 85859K, capacity 91966K, committed 92248K, reserved 1130496K
  class space    used 9829K, capacity 11763K, committed 11864K, reserved 1048576K
Event: 72079.236 GC heap after
Heap after GC invocations=1542 (full 726):
 PSYoungGen      total 33792K, used 2670K [0x00000000f5580000, 0x00000000f7a80000, 0x0000000100000000)
  eden space 30720K, 0% used [0x00000000f5580000,0x00000000f5580000,0x00000000f7380000)
  from space 3072K, 86% used [0x00000000f7780000,0x00000000f7a1b8c0,0x00000000f7a80000)
  to   space 3584K, 0% used [0x00000000f7380000,0x00000000f7380000,0x00000000f7700000)
 ParOldGen       total 101376K, used 44270K [0x00000000e0000000, 0x00000000e6300000, 0x00000000f5580000)
  object space 101376K, 43% used [0x00000000e0000000,0x00000000e2b3b9c0,0x00000000e6300000)
 Metaspace       used 85859K, capacity 91966K, committed 92248K, reserved 1130496K
  class space    used 9829K, capacity 11763K, committed 11864K, reserved 1048576K
}
Event: 72089.125 GC heap before
{Heap before GC invocations=1543 (full 726):
 PSYoungGen      total 33792K, used 33390K [0x00000000f5580000, 0x00000000f7a80000, 0x0000000100000000)
  eden space 30720K, 100% used [0x00000000f5580000,0x00000000f7380000,0x00000000f7380000)
  from space 3072K, 86% used [0x00000000f7780000,0x00000000f7a1b8c0,0x00000000f7a80000)
  to   space 3584K, 0% used [0x00000000f7380000,0x00000000f7380000,0x00000000f7700000)
 ParOldGen       total 101376K, used 44270K [0x00000000e0000000, 0x00000000e6300000, 0x00000000f5580000)
  object space 101376K, 43% used [0x00000000e0000000,0x00000000e2b3b9c0,0x00000000e6300000)
 Metaspace       used 85880K, capacity 91966K, committed 92248K, reserved 1130496K
  class space    used 9830K, capacity 11763K, committed 11864K, reserved 1048576K
Event: 72089.129 GC heap after
Heap after GC invocations=1543 (full 726):
 PSYoungGen      total 34304K, used 2846K [0x00000000f5580000, 0x00000000f7a80000, 0x0000000100000000)
  eden space 30720K, 0% used [0x00000000f5580000,0x00000000f5580000,0x00000000f7380000)
  from space 3584K, 79% used [0x00000000f7380000,0x00000000f76478d0,0x00000000f7700000)
  to   space 3584K, 0% used [0x00000000f7700000,0x00000000f7700000,0x00000000f7a80000)
 ParOldGen       total 101376K, used 44366K [0x00000000e0000000, 0x00000000e6300000, 0x00000000f5580000)
  object space 101376K, 43% used [0x00000000e0000000,0x00000000e2b539d0,0x00000000e6300000)
 Metaspace       used 85880K, capacity 91966K, committed 92248K, reserved 1130496K
  class space    used 9830K, capacity 11763K, committed 11864K, reserved 1048576K
}
Event: 72093.848 GC heap before
{Heap before GC invocations=1544 (full 726):
 PSYoungGen      total 34304K, used 33566K [0x00000000f5580000, 0x00000000f7a80000, 0x0000000100000000)
  eden space 30720K, 100% used [0x00000000f5580000,0x00000000f7380000,0x00000000f7380000)
  from space 3584K, 79% used [0x00000000f7380000,0x00000000f76478d0,0x00000000f7700000)
  to   space 3584K, 0% used [0x00000000f7700000,0x00000000f7700000,0x00000000f7a80000)
 ParOldGen       total 101376K, used 44366K [0x00000000e0000000, 0x00000000e6300000, 0x00000000f5580000)
  object space 101376K, 43% used [0x00000000e0000000,0x00000000e2b539d0,0x00000000e6300000)
 Metaspace       used 85995K, capacity 92066K, committed 92248K, reserved 1130496K
  class space    used 9847K, capacity 11795K, committed 11864K, reserved 1048576K
Event: 72093.851 GC heap after
Heap after GC invocations=1544 (full 726):
 PSYoungGen      total 34304K, used 1758K [0x00000000f5580000, 0x00000000f7a80000, 0x0000000100000000)
  eden space 30720K, 0% used [0x00000000f5580000,0x00000000f5580000,0x00000000f7380000)
  from space 3584K, 49% used [0x00000000f7700000,0x00000000f78b78d0,0x00000000f7a80000)
  to   space 3584K, 0% used [0x00000000f7380000,0x00000000f7380000,0x00000000f7700000)
 ParOldGen       total 101376K, used 44414K [0x00000000e0000000, 0x00000000e6300000, 0x00000000f5580000)
  object space 101376K, 43% used [0x00000000e0000000,0x00000000e2b5f9d0,0x00000000e6300000)
 Metaspace       used 85995K, capacity 92066K, committed 92248K, reserved 1130496K
  class space    used 9847K, capacity 11795K, committed 11864K, reserved 1048576K
}

