# JRE version: Java(TM) SE Runtime Environment (8.0_25-b18) (build 1.8.0_25-b18)
# Java VM: Java HotSpot(TM) 64-Bit Server VM (25.25-b02 mixed mode windows-amd64 compressed oops)
Heap:
 PSYoungGen      total 104960K, used 27894K [0x00000000f5580000, 0x00000000fc280000, 0x0000000100000000)
  eden space 100352K, 23% used [0x00000000f5580000,0x00000000f6c65bd8,0x00000000fb780000)
  from space 4608K, 96% used [0x00000000fbc00000,0x00000000fc057da8,0x00000000fc080000)
  to   space 2048K, 0% used [0x00000000fc080000,0x00000000fc080000,0x00000000fc280000)
 ParOldGen       total 97792K, used 46569K [0x00000000e0000000, 0x00000000e5f80000, 0x00000000f5580000)
  object space 97792K, 47% used [0x00000000e0000000,0x00000000e2d7a5e8,0x00000000e5f80000)
 Metaspace       used 94267K, capacity 100746K, committed 100824K, reserved 1136640K
  class space    used 10995K, capacity 13003K, committed 13016K, reserved 1048576K
GC Heap History (10 events):
Event: 11567.536 GC heap before
{Heap before GC invocations=418 (full 182):
 PSYoungGen      total 110080K, used 78082K [0x00000000f5580000, 0x00000000fc480000, 0x0000000100000000)
  eden space 106496K, 73% used [0x00000000f5580000,0x00000000fa1c0940,0x00000000fbd80000)
  from space 3584K, 0% used [0x00000000fbd80000,0x00000000fbd80000,0x00000000fc100000)
  to   space 3584K, 0% used [0x00000000fc100000,0x00000000fc100000,0x00000000fc480000)
 ParOldGen       total 97792K, used 45197K [0x00000000e0000000, 0x00000000e5f80000, 0x00000000f5580000)
  object space 97792K, 46% used [0x00000000e0000000,0x00000000e2c23538,0x00000000e5f80000)
 Metaspace       used 92168K, capacity 98442K, committed 98776K, reserved 1134592K
  class space    used 10664K, capacity 12644K, committed 12760K, reserved 1048576K
Event: 11567.541 GC heap after
Heap after GC invocations=418 (full 182):
 PSYoungGen      total 110080K, used 1152K [0x00000000f5580000, 0x00000000fc480000, 0x0000000100000000)
  eden space 106496K, 0% used [0x00000000f5580000,0x00000000f5580000,0x00000000fbd80000)
  from space 3584K, 32% used [0x00000000fc100000,0x00000000fc220000,0x00000000fc480000)
  to   space 3584K, 0% used [0x00000000fbd80000,0x00000000fbd80000,0x00000000fc100000)
 ParOldGen       total 97792K, used 45205K [0x00000000e0000000, 0x00000000e5f80000, 0x00000000f5580000)
  object space 97792K, 46% used [0x00000000e0000000,0x00000000e2c25538,0x00000000e5f80000)
 Metaspace       used 92168K, capacity 98442K, committed 98776K, reserved 1134592K
  class space    used 10664K, capacity 12644K, committed 12760K, reserved 1048576K
}
Event: 11567.541 GC heap before
{Heap before GC invocations=419 (full 183):
 PSYoungGen      total 110080K, used 1152K [0x00000000f5580000, 0x00000000fc480000, 0x0000000100000000)
  eden space 106496K, 0% used [0x00000000f5580000,0x00000000f5580000,0x00000000fbd80000)
  from space 3584K, 32% used [0x00000000fc100000,0x00000000fc220000,0x00000000fc480000)
  to   space 3584K, 0% used [0x00000000fbd80000,0x00000000fbd80000,0x00000000fc100000)
 ParOldGen       total 97792K, used 45205K [0x00000000e0000000, 0x00000000e5f80000, 0x00000000f5580000)
  object space 97792K, 46% used [0x00000000e0000000,0x00000000e2c25538,0x00000000e5f80000)
 Metaspace       used 92168K, capacity 98442K, committed 98776K, reserved 1134592K
  class space    used 10664K, capacity 12644K, committed 12760K, reserved 1048576K
Event: 11567.695 GC heap after
Heap after GC invocations=419 (full 183):
 PSYoungGen      total 110080K, used 0K [0x00000000f5580000, 0x00000000fc480000, 0x0000000100000000)
  eden space 106496K, 0% used [0x00000000f5580000,0x00000000f5580000,0x00000000fbd80000)
  from space 3584K, 0% used [0x00000000fc100000,0x00000000fc100000,0x00000000fc480000)
  to   space 3584K, 0% used [0x00000000fbd80000,0x00000000fbd80000,0x00000000fc100000)
 ParOldGen       total 97792K, used 45258K [0x00000000e0000000, 0x00000000e5f80000, 0x00000000f5580000)
  object space 97792K, 46% used [0x00000000e0000000,0x00000000e2c32a90,0x00000000e5f80000)
 Metaspace       used 92168K, capacity 98442K, committed 98776K, reserved 1134592K
  class space    used 10664K, capacity 12644K, committed 12760K, reserved 1048576K
}
Event: 11680.964 GC heap before
{Heap before GC invocations=420 (full 183):
 PSYoungGen      total 110080K, used 106496K [0x00000000f5580000, 0x00000000fc480000, 0x0000000100000000)
  eden space 106496K, 100% used [0x00000000f5580000,0x00000000fbd80000,0x00000000fbd80000)
  from space 3584K, 0% used [0x00000000fc100000,0x00000000fc100000,0x00000000fc480000)
  to   space 3584K, 0% used [0x00000000fbd80000,0x00000000fbd80000,0x00000000fc100000)
 ParOldGen       total 97792K, used 45258K [0x00000000e0000000, 0x00000000e5f80000, 0x00000000f5580000)
  object space 97792K, 46% used [0x00000000e0000000,0x00000000e2c32a90,0x00000000e5f80000)
 Metaspace       used 92367K, capacity 98698K, committed 99032K, reserved 1136640K
  class space    used 10688K, capacity 12644K, committed 12760K, reserved 1048576K
Event: 11680.967 GC heap after
Heap after GC invocations=420 (full 183):
 PSYoungGen      total 110080K, used 1722K [0x00000000f5580000, 0x00000000fc500000, 0x0000000100000000)
  eden space 106496K, 0% used [0x00000000f5580000,0x00000000f5580000,0x00000000fbd80000)
  from space 3584K, 48% used [0x00000000fbd80000,0x00000000fbf2ea10,0x00000000fc100000)
  to   space 3584K, 0% used [0x00000000fc180000,0x00000000fc180000,0x00000000fc500000)
 ParOldGen       total 97792K, used 45266K [0x00000000e0000000, 0x00000000e5f80000, 0x00000000f5580000)
  object space 97792K, 46% used [0x00000000e0000000,0x00000000e2c34a90,0x00000000e5f80000)
 Metaspace       used 92367K, capacity 98698K, committed 99032K, reserved 1136640K
  class space    used 10688K, capacity 12644K, committed 12760K, reserved 1048576K
}
Event: 11938.227 GC heap before
{Heap before GC invocations=421 (full 183):
 PSYoungGen      total 110080K, used 108218K [0x00000000f5580000, 0x00000000fc500000, 0x0000000100000000)
  eden space 106496K, 100% used [0x00000000f5580000,0x00000000fbd80000,0x00000000fbd80000)
  from space 3584K, 48% used [0x00000000fbd80000,0x00000000fbf2ea10,0x00000000fc100000)
  to   space 3584K, 0% used [0x00000000fc180000,0x00000000fc180000,0x00000000fc500000)
 ParOldGen       total 97792K, used 45266K [0x00000000e0000000, 0x00000000e5f80000, 0x00000000f5580000)
  object space 97792K, 46% used [0x00000000e0000000,0x00000000e2c34a90,0x00000000e5f80000)
 Metaspace       used 93504K, capacity 99896K, committed 100056K, reserved 1136640K
  class space    used 10910K, capacity 12896K, committed 13016K, reserved 1048576K
Event: 11938.240 GC heap after
Heap after GC invocations=421 (full 183):
 PSYoungGen      total 107008K, used 3571K [0x00000000f5580000, 0x00000000fc500000, 0x0000000100000000)
  eden space 103424K, 0% used [0x00000000f5580000,0x00000000f5580000,0x00000000fba80000)
  from space 3584K, 99% used [0x00000000fc180000,0x00000000fc4fce30,0x00000000fc500000)
  to   space 4608K, 0% used [0x00000000fbc00000,0x00000000fbc00000,0x00000000fc080000)
 ParOldGen       total 97792K, used 46569K [0x00000000e0000000, 0x00000000e5f80000, 0x00000000f5580000)
  object space 97792K, 47% used [0x00000000e0000000,0x00000000e2d7a5e8,0x00000000e5f80000)
 Metaspace       used 93504K, capacity 99896K, committed 100056K, reserved 1136640K
  class space    used 10910K, capacity 12896K, committed 13016K, reserved 1048576K
}
Event: 11981.576 GC heap before
{Heap before GC invocations=422 (full 183):
 PSYoungGen      total 107008K, used 106995K [0x00000000f5580000, 0x00000000fc500000, 0x0000000100000000)
  eden space 103424K, 100% used [0x00000000f5580000,0x00000000fba80000,0x00000000fba80000)
  from space 3584K, 99% used [0x00000000fc180000,0x00000000fc4fce30,0x00000000fc500000)
  to   space 4608K, 0% used [0x00000000fbc00000,0x00000000fbc00000,0x00000000fc080000)
 ParOldGen       total 97792K, used 46569K [0x00000000e0000000, 0x00000000e5f80000, 0x00000000f5580000)
  object space 97792K, 47% used [0x00000000e0000000,0x00000000e2d7a5e8,0x00000000e5f80000)
 Metaspace       used 93834K, capacity 100306K, committed 100568K, reserved 1136640K
  class space    used 10950K, capacity 12966K, committed 13016K, reserved 1048576K
Event: 11981.580 GC heap after
Heap after GC invocations=422 (full 183):
 PSYoungGen      total 104960K, used 4447K [0x00000000f5580000, 0x00000000fc280000, 0x0000000100000000)
  eden space 100352K, 0% used [0x00000000f5580000,0x00000000f5580000,0x00000000fb780000)
  from space 4608K, 96% used [0x00000000fbc00000,0x00000000fc057da8,0x00000000fc080000)
  to   space 2048K, 0% used [0x00000000fc080000,0x00000000fc080000,0x00000000fc280000)
 ParOldGen       total 97792K, used 46569K [0x00000000e0000000, 0x00000000e5f80000, 0x00000000f5580000)
  object space 97792K, 47% used [0x00000000e0000000,0x00000000e2d7a5e8,0x00000000e5f80000)
 Metaspace       used 93834K, capacity 100306K, committed 100568K, reserved 1136640K
  class space    used 10950K, capacity 12966K, committed 13016K, reserved 1048576K
}

