# JRE version: Java(TM) SE Runtime Environment (8.0_25-b18) (build 1.8.0_25-b18)
# Java VM: Java HotSpot(TM) 64-Bit Server VM (25.25-b02 mixed mode windows-amd64 compressed oops)
Heap:
 PSYoungGen      total 80384K, used 30091K [0x00000000f5580000, 0x00000000fc180000, 0x0000000100000000)
  eden space 61440K, 18% used [0x00000000f5580000,0x00000000f60a96e8,0x00000000f9180000)
  from space 18944K, 98% used [0x00000000f9180000,0x00000000fa3b9890,0x00000000fa400000)
  to   space 21504K, 0% used [0x00000000fac80000,0x00000000fac80000,0x00000000fc180000)
 ParOldGen       total 104960K, used 30362K [0x00000000e0000000, 0x00000000e6680000, 0x00000000f5580000)
  object space 104960K, 28% used [0x00000000e0000000,0x00000000e1da6a60,0x00000000e6680000)
 Metaspace       used 68253K, capacity 73606K, committed 73688K, reserved 1112064K
  class space    used 8499K, capacity 10198K, committed 10200K, reserved 1048576K
GC Heap History (10 events):
Event: 4.246 GC heap before
{Heap before GC invocations=10 (full 2):
 PSYoungGen      total 59904K, used 57813K [0x00000000f5580000, 0x00000000fae00000, 0x0000000100000000)
  eden space 45056K, 100% used [0x00000000f5580000,0x00000000f8180000,0x00000000f8180000)
  from space 14848K, 85% used [0x00000000f8180000,0x00000000f8df5408,0x00000000f9000000)
  to   space 16384K, 0% used [0x00000000f9e00000,0x00000000f9e00000,0x00000000fae00000)
 ParOldGen       total 76288K, used 22755K [0x00000000e0000000, 0x00000000e4a80000, 0x00000000f5580000)
  object space 76288K, 29% used [0x00000000e0000000,0x00000000e1638f68,0x00000000e4a80000)
 Metaspace       used 52065K, capacity 56200K, committed 56280K, reserved 1097728K
  class space    used 6333K, capacity 7637K, committed 7640K, reserved 1048576K
Event: 4.258 GC heap after
Heap after GC invocations=10 (full 2):
 PSYoungGen      total 71168K, used 16383K [0x00000000f5580000, 0x00000000fb380000, 0x0000000100000000)
  eden space 54784K, 0% used [0x00000000f5580000,0x00000000f5580000,0x00000000f8b00000)
  from space 16384K, 99% used [0x00000000f9e00000,0x00000000fadffe98,0x00000000fae00000)
  to   space 19456K, 0% used [0x00000000f8b00000,0x00000000f8b00000,0x00000000f9e00000)
 ParOldGen       total 76288K, used 24142K [0x00000000e0000000, 0x00000000e4a80000, 0x00000000f5580000)
  object space 76288K, 31% used [0x00000000e0000000,0x00000000e1793b90,0x00000000e4a80000)
 Metaspace       used 52065K, capacity 56200K, committed 56280K, reserved 1097728K
  class space    used 6333K, capacity 7637K, committed 7640K, reserved 1048576K
}
Event: 4.919 GC heap before
{Heap before GC invocations=11 (full 2):
 PSYoungGen      total 71168K, used 33012K [0x00000000f5580000, 0x00000000fb380000, 0x0000000100000000)
  eden space 54784K, 30% used [0x00000000f5580000,0x00000000f65bd270,0x00000000f8b00000)
  from space 16384K, 99% used [0x00000000f9e00000,0x00000000fadffe98,0x00000000fae00000)
  to   space 19456K, 0% used [0x00000000f8b00000,0x00000000f8b00000,0x00000000f9e00000)
 ParOldGen       total 76288K, used 24142K [0x00000000e0000000, 0x00000000e4a80000, 0x00000000f5580000)
  object space 76288K, 31% used [0x00000000e0000000,0x00000000e1793b90,0x00000000e4a80000)
 Metaspace       used 54906K, capacity 58932K, committed 59028K, reserved 1099776K
  class space    used 6773K, capacity 8101K, committed 8152K, reserved 1048576K
Event: 4.925 GC heap after
Heap after GC invocations=11 (full 2):
 PSYoungGen      total 74240K, used 13271K [0x00000000f5580000, 0x00000000fba80000, 0x0000000100000000)
  eden space 54784K, 0% used [0x00000000f5580000,0x00000000f5580000,0x00000000f8b00000)
  from space 19456K, 68% used [0x00000000f8b00000,0x00000000f97f5d70,0x00000000f9e00000)
  to   space 19968K, 0% used [0x00000000fa700000,0x00000000fa700000,0x00000000fba80000)
 ParOldGen       total 76288K, used 24150K [0x00000000e0000000, 0x00000000e4a80000, 0x00000000f5580000)
  object space 76288K, 31% used [0x00000000e0000000,0x00000000e1795b90,0x00000000e4a80000)
 Metaspace       used 54906K, capacity 58932K, committed 59028K, reserved 1099776K
  class space    used 6773K, capacity 8101K, committed 8152K, reserved 1048576K
}
Event: 4.925 GC heap before
{Heap before GC invocations=12 (full 3):
 PSYoungGen      total 74240K, used 13271K [0x00000000f5580000, 0x00000000fba80000, 0x0000000100000000)
  eden space 54784K, 0% used [0x00000000f5580000,0x00000000f5580000,0x00000000f8b00000)
  from space 19456K, 68% used [0x00000000f8b00000,0x00000000f97f5d70,0x00000000f9e00000)
  to   space 19968K, 0% used [0x00000000fa700000,0x00000000fa700000,0x00000000fba80000)
 ParOldGen       total 76288K, used 24150K [0x00000000e0000000, 0x00000000e4a80000, 0x00000000f5580000)
  object space 76288K, 31% used [0x00000000e0000000,0x00000000e1795b90,0x00000000e4a80000)
 Metaspace       used 54906K, capacity 58932K, committed 59028K, reserved 1099776K
  class space    used 6773K, capacity 8101K, committed 8152K, reserved 1048576K
Event: 5.117 GC heap after
Heap after GC invocations=12 (full 3):
 PSYoungGen      total 74240K, used 0K [0x00000000f5580000, 0x00000000fba80000, 0x0000000100000000)
  eden space 54784K, 0% used [0x00000000f5580000,0x00000000f5580000,0x00000000f8b00000)
  from space 19456K, 0% used [0x00000000f8b00000,0x00000000f8b00000,0x00000000f9e00000)
  to   space 19968K, 0% used [0x00000000fa700000,0x00000000fa700000,0x00000000fba80000)
 ParOldGen       total 104960K, used 30346K [0x00000000e0000000, 0x00000000e6680000, 0x00000000f5580000)
  object space 104960K, 28% used [0x00000000e0000000,0x00000000e1da2a60,0x00000000e6680000)
 Metaspace       used 54906K, capacity 58932K, committed 59028K, reserved 1099776K
  class space    used 6773K, capacity 8101K, committed 8152K, reserved 1048576K
}
Event: 5.569 GC heap before
{Heap before GC invocations=13 (full 3):
 PSYoungGen      total 74240K, used 54784K [0x00000000f5580000, 0x00000000fba80000, 0x0000000100000000)
  eden space 54784K, 100% used [0x00000000f5580000,0x00000000f8b00000,0x00000000f8b00000)
  from space 19456K, 0% used [0x00000000f8b00000,0x00000000f8b00000,0x00000000f9e00000)
  to   space 19968K, 0% used [0x00000000fa700000,0x00000000fa700000,0x00000000fba80000)
 ParOldGen       total 104960K, used 30346K [0x00000000e0000000, 0x00000000e6680000, 0x00000000f5580000)
  object space 104960K, 28% used [0x00000000e0000000,0x00000000e1da2a60,0x00000000e6680000)
 Metaspace       used 58022K, capacity 62404K, committed 62680K, reserved 1103872K
  class space    used 7215K, capacity 8599K, committed 8664K, reserved 1048576K
Event: 5.575 GC heap after
Heap after GC invocations=13 (full 3):
 PSYoungGen      total 77312K, used 9320K [0x00000000f5580000, 0x00000000fb680000, 0x0000000100000000)
  eden space 61440K, 0% used [0x00000000f5580000,0x00000000f5580000,0x00000000f9180000)
  from space 15872K, 58% used [0x00000000fa700000,0x00000000fb01a028,0x00000000fb680000)
  to   space 18944K, 0% used [0x00000000f9180000,0x00000000f9180000,0x00000000fa400000)
 ParOldGen       total 104960K, used 30354K [0x00000000e0000000, 0x00000000e6680000, 0x00000000f5580000)
  object space 104960K, 28% used [0x00000000e0000000,0x00000000e1da4a60,0x00000000e6680000)
 Metaspace       used 58022K, capacity 62404K, committed 62680K, reserved 1103872K
  class space    used 7215K, capacity 8599K, committed 8664K, reserved 1048576K
}
Event: 10.796 GC heap before
{Heap before GC invocations=14 (full 3):
 PSYoungGen      total 77312K, used 70760K [0x00000000f5580000, 0x00000000fb680000, 0x0000000100000000)
  eden space 61440K, 100% used [0x00000000f5580000,0x00000000f9180000,0x00000000f9180000)
  from space 15872K, 58% used [0x00000000fa700000,0x00000000fb01a028,0x00000000fb680000)
  to   space 18944K, 0% used [0x00000000f9180000,0x00000000f9180000,0x00000000fa400000)
 ParOldGen       total 104960K, used 30354K [0x00000000e0000000, 0x00000000e6680000, 0x00000000f5580000)
  object space 104960K, 28% used [0x00000000e0000000,0x00000000e1da4a60,0x00000000e6680000)
 Metaspace       used 67298K, capacity 72582K, committed 72664K, reserved 1112064K
  class space    used 8405K, capacity 10134K, committed 10200K, reserved 1048576K
Event: 10.807 GC heap after
Heap after GC invocations=14 (full 3):
 PSYoungGen      total 80384K, used 18662K [0x00000000f5580000, 0x00000000fc180000, 0x0000000100000000)
  eden space 61440K, 0% used [0x00000000f5580000,0x00000000f5580000,0x00000000f9180000)
  from space 18944K, 98% used [0x00000000f9180000,0x00000000fa3b9890,0x00000000fa400000)
  to   space 21504K, 0% used [0x00000000fac80000,0x00000000fac80000,0x00000000fc180000)
 ParOldGen       total 104960K, used 30362K [0x00000000e0000000, 0x00000000e6680000, 0x00000000f5580000)
  object space 104960K, 28% used [0x00000000e0000000,0x00000000e1da6a60,0x00000000e6680000)
 Metaspace       used 67298K, capacity 72582K, committed 72664K, reserved 1112064K
  class space    used 8405K, capacity 10134K, committed 10200K, reserved 1048576K
}

