# JRE version: Java(TM) SE Runtime Environment (8.0_25-b18) (build 1.8.0_25-b18)
# Java VM: Java HotSpot(TM) 64-Bit Server VM (25.25-b02 mixed mode windows-amd64 compressed oops)
Heap:
 PSYoungGen      total 90624K, used 82902K [0x00000000f5580000, 0x00000000fc500000, 0x0000000100000000)
  eden space 69120K, 96% used [0x00000000f5580000,0x00000000f96a5580,0x00000000f9900000)
  from space 21504K, 75% used [0x00000000fb000000,0x00000000fbfd02d8,0x00000000fc500000)
  to   space 22528K, 0% used [0x00000000f9900000,0x00000000f9900000,0x00000000faf00000)
 ParOldGen       total 101888K, used 32637K [0x00000000e0000000, 0x00000000e6380000, 0x00000000f5580000)
  object space 101888K, 32% used [0x00000000e0000000,0x00000000e1fdf728,0x00000000e6380000)
 Metaspace       used 70497K, capacity 76238K, committed 76564K, reserved 1116160K
  class space    used 8674K, capacity 10410K, committed 10516K, reserved 1048576K
GC Heap History (10 events):
Event: 4.570 GC heap before
{Heap before GC invocations=11 (full 2):
 PSYoungGen      total 70656K, used 31786K [0x00000000f5580000, 0x00000000fb000000, 0x0000000100000000)
  eden space 54272K, 29% used [0x00000000f5580000,0x00000000f651e100,0x00000000f8a80000)
  from space 16384K, 96% used [0x00000000f9c80000,0x00000000fabec998,0x00000000fac80000)
  to   space 18432K, 0% used [0x00000000f8a80000,0x00000000f8a80000,0x00000000f9c80000)
 ParOldGen       total 79360K, used 25724K [0x00000000e0000000, 0x00000000e4d80000, 0x00000000f5580000)
  object space 79360K, 32% used [0x00000000e0000000,0x00000000e191f060,0x00000000e4d80000)
 Metaspace       used 54766K, capacity 58898K, committed 59028K, reserved 1099776K
  class space    used 6907K, capacity 8301K, committed 8340K, reserved 1048576K
Event: 4.576 GC heap after
Heap after GC invocations=11 (full 2):
 PSYoungGen      total 72704K, used 10988K [0x00000000f5580000, 0x00000000fb800000, 0x0000000100000000)
  eden space 54272K, 0% used [0x00000000f5580000,0x00000000f5580000,0x00000000f8a80000)
  from space 18432K, 59% used [0x00000000f8a80000,0x00000000f953b0c0,0x00000000f9c80000)
  to   space 18432K, 0% used [0x00000000fa600000,0x00000000fa600000,0x00000000fb800000)
 ParOldGen       total 79360K, used 25732K [0x00000000e0000000, 0x00000000e4d80000, 0x00000000f5580000)
  object space 79360K, 32% used [0x00000000e0000000,0x00000000e1921060,0x00000000e4d80000)
 Metaspace       used 54766K, capacity 58898K, committed 59028K, reserved 1099776K
  class space    used 6907K, capacity 8301K, committed 8340K, reserved 1048576K
}
Event: 4.576 GC heap before
{Heap before GC invocations=12 (full 3):
 PSYoungGen      total 72704K, used 10988K [0x00000000f5580000, 0x00000000fb800000, 0x0000000100000000)
  eden space 54272K, 0% used [0x00000000f5580000,0x00000000f5580000,0x00000000f8a80000)
  from space 18432K, 59% used [0x00000000f8a80000,0x00000000f953b0c0,0x00000000f9c80000)
  to   space 18432K, 0% used [0x00000000fa600000,0x00000000fa600000,0x00000000fb800000)
 ParOldGen       total 79360K, used 25732K [0x00000000e0000000, 0x00000000e4d80000, 0x00000000f5580000)
  object space 79360K, 32% used [0x00000000e0000000,0x00000000e1921060,0x00000000e4d80000)
 Metaspace       used 54766K, capacity 58898K, committed 59028K, reserved 1099776K
  class space    used 6907K, capacity 8301K, committed 8340K, reserved 1048576K
Event: 4.700 GC heap after
Heap after GC invocations=12 (full 3):
 PSYoungGen      total 72704K, used 0K [0x00000000f5580000, 0x00000000fb800000, 0x0000000100000000)
  eden space 54272K, 0% used [0x00000000f5580000,0x00000000f5580000,0x00000000f8a80000)
  from space 18432K, 0% used [0x00000000f8a80000,0x00000000f8a80000,0x00000000f9c80000)
  to   space 18432K, 0% used [0x00000000fa600000,0x00000000fa600000,0x00000000fb800000)
 ParOldGen       total 101888K, used 27988K [0x00000000e0000000, 0x00000000e6380000, 0x00000000f5580000)
  object space 101888K, 27% used [0x00000000e0000000,0x00000000e1b55088,0x00000000e6380000)
 Metaspace       used 54766K, capacity 58898K, committed 59028K, reserved 1099776K
  class space    used 6907K, capacity 8301K, committed 8340K, reserved 1048576K
}
Event: 4.896 GC heap before
{Heap before GC invocations=13 (full 3):
 PSYoungGen      total 72704K, used 54272K [0x00000000f5580000, 0x00000000fb800000, 0x0000000100000000)
  eden space 54272K, 100% used [0x00000000f5580000,0x00000000f8a80000,0x00000000f8a80000)
  from space 18432K, 0% used [0x00000000f8a80000,0x00000000f8a80000,0x00000000f9c80000)
  to   space 18432K, 0% used [0x00000000fa600000,0x00000000fa600000,0x00000000fb800000)
 ParOldGen       total 101888K, used 27988K [0x00000000e0000000, 0x00000000e6380000, 0x00000000f5580000)
  object space 101888K, 27% used [0x00000000e0000000,0x00000000e1b55088,0x00000000e6380000)
 Metaspace       used 56169K, capacity 60250K, committed 60436K, reserved 1101824K
  class space    used 7089K, capacity 8433K, committed 8468K, reserved 1048576K
Event: 4.900 GC heap after
Heap after GC invocations=13 (full 3):
 PSYoungGen      total 78336K, used 7922K [0x00000000f5580000, 0x00000000fb580000, 0x0000000100000000)
  eden space 62464K, 0% used [0x00000000f5580000,0x00000000f5580000,0x00000000f9280000)
  from space 15872K, 49% used [0x00000000fa600000,0x00000000fadbc8a0,0x00000000fb580000)
  to   space 17920K, 0% used [0x00000000f9280000,0x00000000f9280000,0x00000000fa400000)
 ParOldGen       total 101888K, used 27996K [0x00000000e0000000, 0x00000000e6380000, 0x00000000f5580000)
  object space 101888K, 27% used [0x00000000e0000000,0x00000000e1b57088,0x00000000e6380000)
 Metaspace       used 56169K, capacity 60250K, committed 60436K, reserved 1101824K
  class space    used 7089K, capacity 8433K, committed 8468K, reserved 1048576K
}
Event: 8.910 GC heap before
{Heap before GC invocations=14 (full 3):
 PSYoungGen      total 78336K, used 70386K [0x00000000f5580000, 0x00000000fb580000, 0x0000000100000000)
  eden space 62464K, 100% used [0x00000000f5580000,0x00000000f9280000,0x00000000f9280000)
  from space 15872K, 49% used [0x00000000fa600000,0x00000000fadbc8a0,0x00000000fb580000)
  to   space 17920K, 0% used [0x00000000f9280000,0x00000000f9280000,0x00000000fa400000)
 ParOldGen       total 101888K, used 27996K [0x00000000e0000000, 0x00000000e6380000, 0x00000000f5580000)
  object space 101888K, 27% used [0x00000000e0000000,0x00000000e1b57088,0x00000000e6380000)
 Metaspace       used 67012K, capacity 72322K, committed 72596K, reserved 1112064K
  class space    used 8391K, capacity 10070K, committed 10132K, reserved 1048576K
Event: 8.921 GC heap after
Heap after GC invocations=14 (full 3):
 PSYoungGen      total 80384K, used 17891K [0x00000000f5580000, 0x00000000fc580000, 0x0000000100000000)
  eden space 62464K, 0% used [0x00000000f5580000,0x00000000f5580000,0x00000000f9280000)
  from space 17920K, 99% used [0x00000000f9280000,0x00000000fa3f8db8,0x00000000fa400000)
  to   space 22016K, 0% used [0x00000000fb000000,0x00000000fb000000,0x00000000fc580000)
 ParOldGen       total 101888K, used 32629K [0x00000000e0000000, 0x00000000e6380000, 0x00000000f5580000)
  object space 101888K, 32% used [0x00000000e0000000,0x00000000e1fdd728,0x00000000e6380000)
 Metaspace       used 67012K, capacity 72322K, committed 72596K, reserved 1112064K
  class space    used 8391K, capacity 10070K, committed 10132K, reserved 1048576K
}
Event: 24.724 GC heap before
{Heap before GC invocations=15 (full 3):
 PSYoungGen      total 80384K, used 80355K [0x00000000f5580000, 0x00000000fc580000, 0x0000000100000000)
  eden space 62464K, 100% used [0x00000000f5580000,0x00000000f9280000,0x00000000f9280000)
  from space 17920K, 99% used [0x00000000f9280000,0x00000000fa3f8db8,0x00000000fa400000)
  to   space 22016K, 0% used [0x00000000fb000000,0x00000000fb000000,0x00000000fc580000)
 ParOldGen       total 101888K, used 32629K [0x00000000e0000000, 0x00000000e6380000, 0x00000000f5580000)
  object space 101888K, 32% used [0x00000000e0000000,0x00000000e1fdd728,0x00000000e6380000)
 Metaspace       used 68407K, capacity 73936K, committed 74132K, reserved 1114112K
  class space    used 8465K, capacity 10116K, committed 10132K, reserved 1048576K
Event: 24.732 GC heap after
Heap after GC invocations=15 (full 3):
 PSYoungGen      total 90624K, used 16192K [0x00000000f5580000, 0x00000000fc500000, 0x0000000100000000)
  eden space 69120K, 0% used [0x00000000f5580000,0x00000000f5580000,0x00000000f9900000)
  from space 21504K, 75% used [0x00000000fb000000,0x00000000fbfd02d8,0x00000000fc500000)
  to   space 22528K, 0% used [0x00000000f9900000,0x00000000f9900000,0x00000000faf00000)
 ParOldGen       total 101888K, used 32637K [0x00000000e0000000, 0x00000000e6380000, 0x00000000f5580000)
  object space 101888K, 32% used [0x00000000e0000000,0x00000000e1fdf728,0x00000000e6380000)
 Metaspace       used 68407K, capacity 73936K, committed 74132K, reserved 1114112K
  class space    used 8465K, capacity 10116K, committed 10132K, reserved 1048576K
}

