# JRE version: Java(TM) SE Runtime Environment (8.0_25-b18) (build 1.8.0_25-b18)
# Java VM: Java HotSpot(TM) 64-Bit Server VM (25.25-b02 mixed mode windows-amd64 compressed oops)
Heap:
 PSYoungGen      total 148480K, used 71037K [0x00000000f5580000, 0x00000000ff400000, 0x0000000100000000)
  eden space 143872K, 49% used [0x00000000f5580000,0x00000000f9adf768,0x00000000fe200000)
  from space 4608K, 0% used [0x00000000fe200000,0x00000000fe200000,0x00000000fe680000)
  to   space 9216K, 0% used [0x00000000feb00000,0x00000000feb00000,0x00000000ff400000)
 ParOldGen       total 96768K, used 52735K [0x00000000e0000000, 0x00000000e5e80000, 0x00000000f5580000)
  object space 96768K, 54% used [0x00000000e0000000,0x00000000e337fd38,0x00000000e5e80000)
 Metaspace       used 85706K, capacity 91278K, committed 91608K, reserved 1128448K
  class space    used 10166K, capacity 11957K, committed 11992K, reserved 1048576K
GC Heap History (10 events):
Event: 1242.657 GC heap before
{Heap before GC invocations=62 (full 22):
 PSYoungGen      total 146432K, used 141824K [0x00000000f5580000, 0x00000000ff500000, 0x0000000100000000)
  eden space 141824K, 100% used [0x00000000f5580000,0x00000000fe000000,0x00000000fe000000)
  from space 4608K, 0% used [0x00000000fe000000,0x00000000fe000000,0x00000000fe480000)
  to   space 10752K, 0% used [0x00000000fea80000,0x00000000fea80000,0x00000000ff500000)
 ParOldGen       total 96768K, used 51172K [0x00000000e0000000, 0x00000000e5e80000, 0x00000000f5580000)
  object space 96768K, 52% used [0x00000000e0000000,0x00000000e31f9260,0x00000000e5e80000)
 Metaspace       used 84457K, capacity 90038K, committed 90328K, reserved 1128448K
  class space    used 10056K, capacity 11888K, committed 11992K, reserved 1048576K
Event: 1242.660 GC heap after
Heap after GC invocations=62 (full 22):
 PSYoungGen      total 153088K, used 3272K [0x00000000f5580000, 0x00000000ff580000, 0x0000000100000000)
  eden space 142336K, 0% used [0x00000000f5580000,0x00000000f5580000,0x00000000fe080000)
  from space 10752K, 30% used [0x00000000fea80000,0x00000000fedb2030,0x00000000ff500000)
  to   space 10240K, 0% used [0x00000000fe080000,0x00000000fe080000,0x00000000fea80000)
 ParOldGen       total 96768K, used 51180K [0x00000000e0000000, 0x00000000e5e80000, 0x00000000f5580000)
  object space 96768K, 52% used [0x00000000e0000000,0x00000000e31fb260,0x00000000e5e80000)
 Metaspace       used 84457K, capacity 90038K, committed 90328K, reserved 1128448K
  class space    used 10056K, capacity 11888K, committed 11992K, reserved 1048576K
}
Event: 1245.249 GC heap before
{Heap before GC invocations=63 (full 22):
 PSYoungGen      total 153088K, used 145608K [0x00000000f5580000, 0x00000000ff580000, 0x0000000100000000)
  eden space 142336K, 100% used [0x00000000f5580000,0x00000000fe080000,0x00000000fe080000)
  from space 10752K, 30% used [0x00000000fea80000,0x00000000fedb2030,0x00000000ff500000)
  to   space 10240K, 0% used [0x00000000fe080000,0x00000000fe080000,0x00000000fea80000)
 ParOldGen       total 96768K, used 51180K [0x00000000e0000000, 0x00000000e5e80000, 0x00000000f5580000)
  object space 96768K, 52% used [0x00000000e0000000,0x00000000e31fb260,0x00000000e5e80000)
 Metaspace       used 84558K, capacity 90172K, committed 90328K, reserved 1128448K
  class space    used 10057K, capacity 11889K, committed 11992K, reserved 1048576K
Event: 1245.252 GC heap after
Heap after GC invocations=63 (full 22):
 PSYoungGen      total 152576K, used 3173K [0x00000000f5580000, 0x00000000ff500000, 0x0000000100000000)
  eden space 142336K, 0% used [0x00000000f5580000,0x00000000f5580000,0x00000000fe080000)
  from space 10240K, 30% used [0x00000000fe080000,0x00000000fe399658,0x00000000fea80000)
  to   space 9728K, 0% used [0x00000000feb80000,0x00000000feb80000,0x00000000ff500000)
 ParOldGen       total 96768K, used 51180K [0x00000000e0000000, 0x00000000e5e80000, 0x00000000f5580000)
  object space 96768K, 52% used [0x00000000e0000000,0x00000000e31fb260,0x00000000e5e80000)
 Metaspace       used 84558K, capacity 90172K, committed 90328K, reserved 1128448K
  class space    used 10057K, capacity 11889K, committed 11992K, reserved 1048576K
}
Event: 1254.422 GC heap before
{Heap before GC invocations=64 (full 22):
 PSYoungGen      total 152576K, used 145509K [0x00000000f5580000, 0x00000000ff500000, 0x0000000100000000)
  eden space 142336K, 100% used [0x00000000f5580000,0x00000000fe080000,0x00000000fe080000)
  from space 10240K, 30% used [0x00000000fe080000,0x00000000fe399658,0x00000000fea80000)
  to   space 9728K, 0% used [0x00000000feb80000,0x00000000feb80000,0x00000000ff500000)
 ParOldGen       total 96768K, used 51180K [0x00000000e0000000, 0x00000000e5e80000, 0x00000000f5580000)
  object space 96768K, 52% used [0x00000000e0000000,0x00000000e31fb260,0x00000000e5e80000)
 Metaspace       used 84746K, capacity 90300K, committed 90584K, reserved 1128448K
  class space    used 10074K, capacity 11889K, committed 11992K, reserved 1048576K
Event: 1254.426 GC heap after
Heap after GC invocations=64 (full 22):
 PSYoungGen      total 153600K, used 4511K [0x00000000f5580000, 0x00000000ff500000, 0x0000000100000000)
  eden space 143872K, 0% used [0x00000000f5580000,0x00000000f5580000,0x00000000fe200000)
  from space 9728K, 46% used [0x00000000feb80000,0x00000000fefe7ca8,0x00000000ff500000)
  to   space 9728K, 0% used [0x00000000fe200000,0x00000000fe200000,0x00000000feb80000)
 ParOldGen       total 96768K, used 51180K [0x00000000e0000000, 0x00000000e5e80000, 0x00000000f5580000)
  object space 96768K, 52% used [0x00000000e0000000,0x00000000e31fb260,0x00000000e5e80000)
 Metaspace       used 84746K, capacity 90300K, committed 90584K, reserved 1128448K
  class space    used 10074K, capacity 11889K, committed 11992K, reserved 1048576K
}
Event: 1272.875 GC heap before
{Heap before GC invocations=65 (full 22):
 PSYoungGen      total 153600K, used 76960K [0x00000000f5580000, 0x00000000ff500000, 0x0000000100000000)
  eden space 143872K, 50% used [0x00000000f5580000,0x00000000f9c40478,0x00000000fe200000)
  from space 9728K, 46% used [0x00000000feb80000,0x00000000fefe7ca8,0x00000000ff500000)
  to   space 9728K, 0% used [0x00000000fe200000,0x00000000fe200000,0x00000000feb80000)
 ParOldGen       total 96768K, used 51180K [0x00000000e0000000, 0x00000000e5e80000, 0x00000000f5580000)
  object space 96768K, 52% used [0x00000000e0000000,0x00000000e31fb260,0x00000000e5e80000)
 Metaspace       used 84779K, capacity 90364K, committed 90584K, reserved 1128448K
  class space    used 10074K, capacity 11889K, committed 11992K, reserved 1048576K
Event: 1272.878 GC heap after
Heap after GC invocations=65 (full 22):
 PSYoungGen      total 148480K, used 4133K [0x00000000f5580000, 0x00000000ff400000, 0x0000000100000000)
  eden space 143872K, 0% used [0x00000000f5580000,0x00000000f5580000,0x00000000fe200000)
  from space 4608K, 89% used [0x00000000fe200000,0x00000000fe609658,0x00000000fe680000)
  to   space 9216K, 0% used [0x00000000feb00000,0x00000000feb00000,0x00000000ff400000)
 ParOldGen       total 96768K, used 51180K [0x00000000e0000000, 0x00000000e5e80000, 0x00000000f5580000)
  object space 96768K, 52% used [0x00000000e0000000,0x00000000e31fb260,0x00000000e5e80000)
 Metaspace       used 84779K, capacity 90364K, committed 90584K, reserved 1128448K
  class space    used 10074K, capacity 11889K, committed 11992K, reserved 1048576K
}
Event: 1272.878 GC heap before
{Heap before GC invocations=66 (full 23):
 PSYoungGen      total 148480K, used 4133K [0x00000000f5580000, 0x00000000ff400000, 0x0000000100000000)
  eden space 143872K, 0% used [0x00000000f5580000,0x00000000f5580000,0x00000000fe200000)
  from space 4608K, 89% used [0x00000000fe200000,0x00000000fe609658,0x00000000fe680000)
  to   space 9216K, 0% used [0x00000000feb00000,0x00000000feb00000,0x00000000ff400000)
 ParOldGen       total 96768K, used 51180K [0x00000000e0000000, 0x00000000e5e80000, 0x00000000f5580000)
  object space 96768K, 52% used [0x00000000e0000000,0x00000000e31fb260,0x00000000e5e80000)
 Metaspace       used 84779K, capacity 90364K, committed 90584K, reserved 1128448K
  class space    used 10074K, capacity 11889K, committed 11992K, reserved 1048576K
Event: 1273.218 GC heap after
Heap after GC invocations=66 (full 23):
 PSYoungGen      total 148480K, used 0K [0x00000000f5580000, 0x00000000ff400000, 0x0000000100000000)
  eden space 143872K, 0% used [0x00000000f5580000,0x00000000f5580000,0x00000000fe200000)
  from space 4608K, 0% used [0x00000000fe200000,0x00000000fe200000,0x00000000fe680000)
  to   space 9216K, 0% used [0x00000000feb00000,0x00000000feb00000,0x00000000ff400000)
 ParOldGen       total 96768K, used 52735K [0x00000000e0000000, 0x00000000e5e80000, 0x00000000f5580000)
  object space 96768K, 54% used [0x00000000e0000000,0x00000000e337fd38,0x00000000e5e80000)
 Metaspace       used 84779K, capacity 90364K, committed 90584K, reserved 1128448K
  class space    used 10074K, capacity 11889K, committed 11992K, reserved 1048576K
}

