# JRE version: Java(TM) SE Runtime Environment (8.0_25-b18) (build 1.8.0_25-b18)
# Java VM: Java HotSpot(TM) 64-Bit Server VM (25.25-b02 mixed mode windows-amd64 compressed oops)
Heap:
 PSYoungGen      total 82432K, used 29263K [0x00000000f5580000, 0x00000000fbd80000, 0x0000000100000000)
  eden space 60416K, 21% used [0x00000000f5580000,0x00000000f61ebe28,0x00000000f9080000)
  from space 22016K, 75% used [0x00000000fa700000,0x00000000fb728148,0x00000000fbc80000)
  to   space 23040K, 0% used [0x00000000f9080000,0x00000000f9080000,0x00000000fa700000)
 ParOldGen       total 110080K, used 32427K [0x00000000e0000000, 0x00000000e6b80000, 0x00000000f5580000)
  object space 110080K, 29% used [0x00000000e0000000,0x00000000e1faaf28,0x00000000e6b80000)
 Metaspace       used 70587K, capacity 75718K, committed 75864K, reserved 1114112K
  class space    used 8807K, capacity 10496K, committed 10584K, reserved 1048576K
GC Heap History (10 events):
Event: 5.931 GC heap before
{Heap before GC invocations=11 (full 2):
 PSYoungGen      total 65536K, used 39618K [0x00000000f5580000, 0x00000000fae00000, 0x0000000100000000)
  eden space 49664K, 47% used [0x00000000f5580000,0x00000000f6cb4598,0x00000000f8600000)
  from space 15872K, 99% used [0x00000000f9880000,0x00000000fa7fc268,0x00000000fa800000)
  to   space 18944K, 0% used [0x00000000f8600000,0x00000000f8600000,0x00000000f9880000)
 ParOldGen       total 83456K, used 27877K [0x00000000e0000000, 0x00000000e5180000, 0x00000000f5580000)
  object space 83456K, 33% used [0x00000000e0000000,0x00000000e1b39450,0x00000000e5180000)
 Metaspace       used 54907K, capacity 58934K, committed 59028K, reserved 1099776K
  class space    used 6786K, capacity 8103K, committed 8152K, reserved 1048576K
Event: 5.938 GC heap after
Heap after GC invocations=11 (full 2):
 PSYoungGen      total 68608K, used 14577K [0x00000000f5580000, 0x00000000fb400000, 0x0000000100000000)
  eden space 49664K, 0% used [0x00000000f5580000,0x00000000f5580000,0x00000000f8600000)
  from space 18944K, 76% used [0x00000000f8600000,0x00000000f943c5f0,0x00000000f9880000)
  to   space 19968K, 0% used [0x00000000fa080000,0x00000000fa080000,0x00000000fb400000)
 ParOldGen       total 83456K, used 27885K [0x00000000e0000000, 0x00000000e5180000, 0x00000000f5580000)
  object space 83456K, 33% used [0x00000000e0000000,0x00000000e1b3b450,0x00000000e5180000)
 Metaspace       used 54907K, capacity 58934K, committed 59028K, reserved 1099776K
  class space    used 6786K, capacity 8103K, committed 8152K, reserved 1048576K
}
Event: 5.938 GC heap before
{Heap before GC invocations=12 (full 3):
 PSYoungGen      total 68608K, used 14577K [0x00000000f5580000, 0x00000000fb400000, 0x0000000100000000)
  eden space 49664K, 0% used [0x00000000f5580000,0x00000000f5580000,0x00000000f8600000)
  from space 18944K, 76% used [0x00000000f8600000,0x00000000f943c5f0,0x00000000f9880000)
  to   space 19968K, 0% used [0x00000000fa080000,0x00000000fa080000,0x00000000fb400000)
 ParOldGen       total 83456K, used 27885K [0x00000000e0000000, 0x00000000e5180000, 0x00000000f5580000)
  object space 83456K, 33% used [0x00000000e0000000,0x00000000e1b3b450,0x00000000e5180000)
 Metaspace       used 54907K, capacity 58934K, committed 59028K, reserved 1099776K
  class space    used 6786K, capacity 8103K, committed 8152K, reserved 1048576K
Event: 6.093 GC heap after
Heap after GC invocations=12 (full 3):
 PSYoungGen      total 68608K, used 0K [0x00000000f5580000, 0x00000000fb400000, 0x0000000100000000)
  eden space 49664K, 0% used [0x00000000f5580000,0x00000000f5580000,0x00000000f8600000)
  from space 18944K, 0% used [0x00000000f8600000,0x00000000f8600000,0x00000000f9880000)
  to   space 19968K, 0% used [0x00000000fa080000,0x00000000fa080000,0x00000000fb400000)
 ParOldGen       total 110080K, used 31480K [0x00000000e0000000, 0x00000000e6b80000, 0x00000000f5580000)
  object space 110080K, 28% used [0x00000000e0000000,0x00000000e1ebe290,0x00000000e6b80000)
 Metaspace       used 54907K, capacity 58934K, committed 59028K, reserved 1099776K
  class space    used 6786K, capacity 8103K, committed 8152K, reserved 1048576K
}
Event: 6.518 GC heap before
{Heap before GC invocations=13 (full 3):
 PSYoungGen      total 68608K, used 49664K [0x00000000f5580000, 0x00000000fb400000, 0x0000000100000000)
  eden space 49664K, 100% used [0x00000000f5580000,0x00000000f8600000,0x00000000f8600000)
  from space 18944K, 0% used [0x00000000f8600000,0x00000000f8600000,0x00000000f9880000)
  to   space 19968K, 0% used [0x00000000fa080000,0x00000000fa080000,0x00000000fb400000)
 ParOldGen       total 110080K, used 31480K [0x00000000e0000000, 0x00000000e6b80000, 0x00000000f5580000)
  object space 110080K, 28% used [0x00000000e0000000,0x00000000e1ebe290,0x00000000e6b80000)
 Metaspace       used 57858K, capacity 62080K, committed 62168K, reserved 1103872K
  class space    used 7212K, capacity 8600K, committed 8664K, reserved 1048576K
Event: 6.524 GC heap after
Heap after GC invocations=13 (full 3):
 PSYoungGen      total 72704K, used 8602K [0x00000000f5580000, 0x00000000fb100000, 0x0000000100000000)
  eden space 55808K, 0% used [0x00000000f5580000,0x00000000f5580000,0x00000000f8c00000)
  from space 16896K, 50% used [0x00000000fa080000,0x00000000fa8e68a8,0x00000000fb100000)
  to   space 18944K, 0% used [0x00000000f8c00000,0x00000000f8c00000,0x00000000f9e80000)
 ParOldGen       total 110080K, used 31488K [0x00000000e0000000, 0x00000000e6b80000, 0x00000000f5580000)
  object space 110080K, 28% used [0x00000000e0000000,0x00000000e1ec0290,0x00000000e6b80000)
 Metaspace       used 57858K, capacity 62080K, committed 62168K, reserved 1103872K
  class space    used 7212K, capacity 8600K, committed 8664K, reserved 1048576K
}
Event: 11.875 GC heap before
{Heap before GC invocations=14 (full 3):
 PSYoungGen      total 72704K, used 64410K [0x00000000f5580000, 0x00000000fb100000, 0x0000000100000000)
  eden space 55808K, 100% used [0x00000000f5580000,0x00000000f8c00000,0x00000000f8c00000)
  from space 16896K, 50% used [0x00000000fa080000,0x00000000fa8e68a8,0x00000000fb100000)
  to   space 18944K, 0% used [0x00000000f8c00000,0x00000000f8c00000,0x00000000f9e80000)
 ParOldGen       total 110080K, used 31488K [0x00000000e0000000, 0x00000000e6b80000, 0x00000000f5580000)
  object space 110080K, 28% used [0x00000000e0000000,0x00000000e1ec0290,0x00000000e6b80000)
 Metaspace       used 67061K, capacity 72412K, committed 72536K, reserved 1112064K
  class space    used 8398K, capacity 10038K, committed 10072K, reserved 1048576K
Event: 11.883 GC heap after
Heap after GC invocations=14 (full 3):
 PSYoungGen      total 74752K, used 18927K [0x00000000f5580000, 0x00000000fbc80000, 0x0000000100000000)
  eden space 55808K, 0% used [0x00000000f5580000,0x00000000f5580000,0x00000000f8c00000)
  from space 18944K, 99% used [0x00000000f8c00000,0x00000000f9e7bc40,0x00000000f9e80000)
  to   space 22016K, 0% used [0x00000000fa700000,0x00000000fa700000,0x00000000fbc80000)
 ParOldGen       total 110080K, used 32419K [0x00000000e0000000, 0x00000000e6b80000, 0x00000000f5580000)
  object space 110080K, 29% used [0x00000000e0000000,0x00000000e1fa8f28,0x00000000e6b80000)
 Metaspace       used 67061K, capacity 72412K, committed 72536K, reserved 1112064K
  class space    used 8398K, capacity 10038K, committed 10072K, reserved 1048576K
}
Event: 23.913 GC heap before
{Heap before GC invocations=15 (full 3):
 PSYoungGen      total 74752K, used 74734K [0x00000000f5580000, 0x00000000fbc80000, 0x0000000100000000)
  eden space 55808K, 99% used [0x00000000f5580000,0x00000000f8bfff90,0x00000000f8c00000)
  from space 18944K, 99% used [0x00000000f8c00000,0x00000000f9e7bc40,0x00000000f9e80000)
  to   space 22016K, 0% used [0x00000000fa700000,0x00000000fa700000,0x00000000fbc80000)
 ParOldGen       total 110080K, used 32419K [0x00000000e0000000, 0x00000000e6b80000, 0x00000000f5580000)
  object space 110080K, 29% used [0x00000000e0000000,0x00000000e1fa8f28,0x00000000e6b80000)
 Metaspace       used 70041K, capacity 75284K, committed 75608K, reserved 1114112K
  class space    used 8757K, capacity 10459K, committed 10584K, reserved 1048576K
Event: 23.924 GC heap after
Heap after GC invocations=15 (full 3):
 PSYoungGen      total 82432K, used 16544K [0x00000000f5580000, 0x00000000fbd80000, 0x0000000100000000)
  eden space 60416K, 0% used [0x00000000f5580000,0x00000000f5580000,0x00000000f9080000)
  from space 22016K, 75% used [0x00000000fa700000,0x00000000fb728148,0x00000000fbc80000)
  to   space 23040K, 0% used [0x00000000f9080000,0x00000000f9080000,0x00000000fa700000)
 ParOldGen       total 110080K, used 32427K [0x00000000e0000000, 0x00000000e6b80000, 0x00000000f5580000)
  object space 110080K, 29% used [0x00000000e0000000,0x00000000e1faaf28,0x00000000e6b80000)
 Metaspace       used 70041K, capacity 75284K, committed 75608K, reserved 1114112K
  class space    used 8757K, capacity 10459K, committed 10584K, reserved 1048576K
}

