# JRE version: Java(TM) SE Runtime Environment (8.0_25-b18) (build 1.8.0_25-b18)
# Java VM: Java HotSpot(TM) 64-Bit Server VM (25.25-b02 mixed mode windows-amd64 compressed oops)
Heap:
 PSYoungGen      total 72192K, used 57394K [0x00000000f5580000, 0x00000000fa000000, 0x0000000100000000)
  eden space 69120K, 83% used [0x00000000f5580000,0x00000000f8d8cb40,0x00000000f9900000)
  from space 3072K, 0% used [0x00000000f9900000,0x00000000f9900000,0x00000000f9c00000)
  to   space 3584K, 0% used [0x00000000f9c80000,0x00000000f9c80000,0x00000000fa000000)
 ParOldGen       total 102912K, used 39006K [0x00000000e0000000, 0x00000000e6480000, 0x00000000f5580000)
  object space 102912K, 37% used [0x00000000e0000000,0x00000000e2617b50,0x00000000e6480000)
 Metaspace       used 85859K, capacity 91926K, committed 92248K, reserved 1130496K
  class space    used 9859K, capacity 11794K, committed 11864K, reserved 1048576K
GC Heap History (10 events):
Event: 12666.103 GC heap before
{Heap before GC invocations=493 (full 198):
 PSYoungGen      total 71680K, used 69648K [0x00000000f5580000, 0x00000000f9f00000, 0x0000000100000000)
  eden space 68608K, 100% used [0x00000000f5580000,0x00000000f9880000,0x00000000f9880000)
  from space 3072K, 33% used [0x00000000f9b80000,0x00000000f9c84050,0x00000000f9e80000)
  to   space 3072K, 0% used [0x00000000f9880000,0x00000000f9880000,0x00000000f9b80000)
 ParOldGen       total 102912K, used 39012K [0x00000000e0000000, 0x00000000e6480000, 0x00000000f5580000)
  object space 102912K, 37% used [0x00000000e0000000,0x00000000e2619030,0x00000000e6480000)
 Metaspace       used 85128K, capacity 91282K, committed 91608K, reserved 1128448K
  class space    used 9781K, capacity 11692K, committed 11736K, reserved 1048576K
Event: 12666.106 GC heap after
Heap after GC invocations=493 (full 198):
 PSYoungGen      total 71680K, used 2000K [0x00000000f5580000, 0x00000000f9f00000, 0x0000000100000000)
  eden space 68608K, 0% used [0x00000000f5580000,0x00000000f5580000,0x00000000f9880000)
  from space 3072K, 65% used [0x00000000f9880000,0x00000000f9a74050,0x00000000f9b80000)
  to   space 3072K, 0% used [0x00000000f9c00000,0x00000000f9c00000,0x00000000f9f00000)
 ParOldGen       total 102912K, used 39012K [0x00000000e0000000, 0x00000000e6480000, 0x00000000f5580000)
  object space 102912K, 37% used [0x00000000e0000000,0x00000000e2619030,0x00000000e6480000)
 Metaspace       used 85128K, capacity 91282K, committed 91608K, reserved 1128448K
  class space    used 9781K, capacity 11692K, committed 11736K, reserved 1048576K
}
Event: 12696.731 GC heap before
{Heap before GC invocations=494 (full 198):
 PSYoungGen      total 71680K, used 32204K [0x00000000f5580000, 0x00000000f9f00000, 0x0000000100000000)
  eden space 68608K, 44% used [0x00000000f5580000,0x00000000f72ff320,0x00000000f9880000)
  from space 3072K, 65% used [0x00000000f9880000,0x00000000f9a74050,0x00000000f9b80000)
  to   space 3072K, 0% used [0x00000000f9c00000,0x00000000f9c00000,0x00000000f9f00000)
 ParOldGen       total 102912K, used 39012K [0x00000000e0000000, 0x00000000e6480000, 0x00000000f5580000)
  object space 102912K, 37% used [0x00000000e0000000,0x00000000e2619030,0x00000000e6480000)
 Metaspace       used 85163K, capacity 91312K, committed 91608K, reserved 1128448K
  class space    used 9784K, capacity 11697K, committed 11736K, reserved 1048576K
Event: 12696.733 GC heap after
Heap after GC invocations=494 (full 198):
 PSYoungGen      total 72192K, used 2564K [0x00000000f5580000, 0x00000000f9f00000, 0x0000000100000000)
  eden space 69120K, 0% used [0x00000000f5580000,0x00000000f5580000,0x00000000f9900000)
  from space 3072K, 83% used [0x00000000f9c00000,0x00000000f9e81048,0x00000000f9f00000)
  to   space 3072K, 0% used [0x00000000f9900000,0x00000000f9900000,0x00000000f9c00000)
 ParOldGen       total 102912K, used 39012K [0x00000000e0000000, 0x00000000e6480000, 0x00000000f5580000)
  object space 102912K, 37% used [0x00000000e0000000,0x00000000e2619030,0x00000000e6480000)
 Metaspace       used 85163K, capacity 91312K, committed 91608K, reserved 1128448K
  class space    used 9784K, capacity 11697K, committed 11736K, reserved 1048576K
}
Event: 12696.733 GC heap before
{Heap before GC invocations=495 (full 199):
 PSYoungGen      total 72192K, used 2564K [0x00000000f5580000, 0x00000000f9f00000, 0x0000000100000000)
  eden space 69120K, 0% used [0x00000000f5580000,0x00000000f5580000,0x00000000f9900000)
  from space 3072K, 83% used [0x00000000f9c00000,0x00000000f9e81048,0x00000000f9f00000)
  to   space 3072K, 0% used [0x00000000f9900000,0x00000000f9900000,0x00000000f9c00000)
 ParOldGen       total 102912K, used 39012K [0x00000000e0000000, 0x00000000e6480000, 0x00000000f5580000)
  object space 102912K, 37% used [0x00000000e0000000,0x00000000e2619030,0x00000000e6480000)
 Metaspace       used 85163K, capacity 91312K, committed 91608K, reserved 1128448K
  class space    used 9784K, capacity 11697K, committed 11736K, reserved 1048576K
Event: 12696.890 GC heap after
Heap after GC invocations=495 (full 199):
 PSYoungGen      total 72192K, used 0K [0x00000000f5580000, 0x00000000f9f00000, 0x0000000100000000)
  eden space 69120K, 0% used [0x00000000f5580000,0x00000000f5580000,0x00000000f9900000)
  from space 3072K, 0% used [0x00000000f9c00000,0x00000000f9c00000,0x00000000f9f00000)
  to   space 3072K, 0% used [0x00000000f9900000,0x00000000f9900000,0x00000000f9c00000)
 ParOldGen       total 102912K, used 39582K [0x00000000e0000000, 0x00000000e6480000, 0x00000000f5580000)
  object space 102912K, 38% used [0x00000000e0000000,0x00000000e26a7b90,0x00000000e6480000)
 Metaspace       used 85163K, capacity 91312K, committed 91608K, reserved 1128448K
  class space    used 9784K, capacity 11697K, committed 11736K, reserved 1048576K
}
Event: 12756.731 GC heap before
{Heap before GC invocations=496 (full 199):
 PSYoungGen      total 72192K, used 4935K [0x00000000f5580000, 0x00000000f9f00000, 0x0000000100000000)
  eden space 69120K, 7% used [0x00000000f5580000,0x00000000f5a51d50,0x00000000f9900000)
  from space 3072K, 0% used [0x00000000f9c00000,0x00000000f9c00000,0x00000000f9f00000)
  to   space 3072K, 0% used [0x00000000f9900000,0x00000000f9900000,0x00000000f9c00000)
 ParOldGen       total 102912K, used 39582K [0x00000000e0000000, 0x00000000e6480000, 0x00000000f5580000)
  object space 102912K, 38% used [0x00000000e0000000,0x00000000e26a7b90,0x00000000e6480000)
 Metaspace       used 85163K, capacity 91312K, committed 91608K, reserved 1128448K
  class space    used 9784K, capacity 11697K, committed 11736K, reserved 1048576K
Event: 12756.733 GC heap after
Heap after GC invocations=496 (full 199):
 PSYoungGen      total 72192K, used 192K [0x00000000f5580000, 0x00000000fa000000, 0x0000000100000000)
  eden space 69120K, 0% used [0x00000000f5580000,0x00000000f5580000,0x00000000f9900000)
  from space 3072K, 6% used [0x00000000f9900000,0x00000000f9930000,0x00000000f9c00000)
  to   space 3584K, 0% used [0x00000000f9c80000,0x00000000f9c80000,0x00000000fa000000)
 ParOldGen       total 102912K, used 39582K [0x00000000e0000000, 0x00000000e6480000, 0x00000000f5580000)
  object space 102912K, 38% used [0x00000000e0000000,0x00000000e26a7b90,0x00000000e6480000)
 Metaspace       used 85163K, capacity 91312K, committed 91608K, reserved 1128448K
  class space    used 9784K, capacity 11697K, committed 11736K, reserved 1048576K
}
Event: 12756.733 GC heap before
{Heap before GC invocations=497 (full 200):
 PSYoungGen      total 72192K, used 192K [0x00000000f5580000, 0x00000000fa000000, 0x0000000100000000)
  eden space 69120K, 0% used [0x00000000f5580000,0x00000000f5580000,0x00000000f9900000)
  from space 3072K, 6% used [0x00000000f9900000,0x00000000f9930000,0x00000000f9c00000)
  to   space 3584K, 0% used [0x00000000f9c80000,0x00000000f9c80000,0x00000000fa000000)
 ParOldGen       total 102912K, used 39582K [0x00000000e0000000, 0x00000000e6480000, 0x00000000f5580000)
  object space 102912K, 38% used [0x00000000e0000000,0x00000000e26a7b90,0x00000000e6480000)
 Metaspace       used 85163K, capacity 91312K, committed 91608K, reserved 1128448K
  class space    used 9784K, capacity 11697K, committed 11736K, reserved 1048576K
Event: 12756.850 GC heap after
Heap after GC invocations=497 (full 200):
 PSYoungGen      total 72192K, used 0K [0x00000000f5580000, 0x00000000fa000000, 0x0000000100000000)
  eden space 69120K, 0% used [0x00000000f5580000,0x00000000f5580000,0x00000000f9900000)
  from space 3072K, 0% used [0x00000000f9900000,0x00000000f9900000,0x00000000f9c00000)
  to   space 3584K, 0% used [0x00000000f9c80000,0x00000000f9c80000,0x00000000fa000000)
 ParOldGen       total 102912K, used 39006K [0x00000000e0000000, 0x00000000e6480000, 0x00000000f5580000)
  object space 102912K, 37% used [0x00000000e0000000,0x00000000e2617b50,0x00000000e6480000)
 Metaspace       used 85163K, capacity 91312K, committed 91608K, reserved 1128448K
  class space    used 9784K, capacity 11697K, committed 11736K, reserved 1048576K
}

